DEBUG:root:setting up tree
DEBUG:root:roots are set up
DEBUG:root:offensive plan is created
DEBUG:root:spread plan is created
INFO:root:
Sequence: Defensive and Origional Root
| Selector: High Level Ordering of Strategies
| | Sequence: Offensive Strategy
| | | Check: have_largest_fleet
| | | Action: attack_strongest_enemy_planet
| | Sequence: Spread Strategy
| | | Check: if_neutral_planet_available
| | | Action: spread_to_highest_producer
| | Action: attack_strongest_enemy_planet
| Sequence: Deffensive Strategy
| | Check: has_multiple_planets
| | Action: defend_planets

DEBUG:root:Executing:Sequence: Defensive and Origional Root
DEBUG:root:Executing:Selector: High Level Ordering of Strategies
DEBUG:root:Executing:Sequence: Offensive Strategy
DEBUG:root:Executing:Check: have_largest_fleet
DEBUG:root:Result: Check: have_largest_fleet -> Failure
DEBUG:root:Result: Sequence: Offensive Strategy -> Failure
DEBUG:root:Executing:Sequence: Spread Strategy
DEBUG:root:Executing:Check: if_neutral_planet_available
DEBUG:root:Result: Check: if_neutral_planet_available -> Success
DEBUG:root:Executing:Action: spread_to_highest_producer
DEBUG:root:Order:1 22 39.0
DEBUG:root:Result: Action: spread_to_highest_producer -> Success
DEBUG:root:Result: Sequence: Spread Strategy -> Success
DEBUG:root:Result: Selector: High Level Ordering of Strategies -> Success
DEBUG:root:Executing:Sequence: Deffensive Strategy
DEBUG:root:Executing:Check: has_multiple_planets
DEBUG:root:Result: Check: has_multiple_planets -> Failure
DEBUG:root:Result: Sequence: Deffensive Strategy -> Failure
DEBUG:root:Result: Sequence: Defensive and Origional Root -> Failure
DEBUG:root:Finish turn

DEBUG:root:Executing:Sequence: Defensive and Origional Root
DEBUG:root:Executing:Selector: High Level Ordering of Strategies
DEBUG:root:Executing:Sequence: Offensive Strategy
DEBUG:root:Executing:Check: have_largest_fleet
DEBUG:root:Result: Check: have_largest_fleet -> Failure
DEBUG:root:Result: Sequence: Offensive Strategy -> Failure
DEBUG:root:Executing:Sequence: Spread Strategy
DEBUG:root:Executing:Check: if_neutral_planet_available
DEBUG:root:Result: Check: if_neutral_planet_available -> Success
DEBUG:root:Executing:Action: spread_to_highest_producer
DEBUG:root:Order:1 21 39.0
DEBUG:root:Result: Action: spread_to_highest_producer -> Success
DEBUG:root:Result: Sequence: Spread Strategy -> Success
DEBUG:root:Result: Selector: High Level Ordering of Strategies -> Success
DEBUG:root:Executing:Sequence: Deffensive Strategy
DEBUG:root:Executing:Check: has_multiple_planets
DEBUG:root:Result: Check: has_multiple_planets -> Failure
DEBUG:root:Result: Sequence: Deffensive Strategy -> Failure
DEBUG:root:Result: Sequence: Defensive and Origional Root -> Failure
DEBUG:root:Finish turn

DEBUG:root:Executing:Sequence: Defensive and Origional Root
DEBUG:root:Executing:Selector: High Level Ordering of Strategies
DEBUG:root:Executing:Sequence: Offensive Strategy
DEBUG:root:Executing:Check: have_largest_fleet
DEBUG:root:Result: Check: have_largest_fleet -> Failure
DEBUG:root:Result: Sequence: Offensive Strategy -> Failure
DEBUG:root:Executing:Sequence: Spread Strategy
DEBUG:root:Executing:Check: if_neutral_planet_available
DEBUG:root:Result: Check: if_neutral_planet_available -> Success
DEBUG:root:Executing:Action: spread_to_highest_producer
DEBUG:root:Order:1 0 16.0
DEBUG:root:Result: Action: spread_to_highest_producer -> Success
DEBUG:root:Result: Sequence: Spread Strategy -> Success
DEBUG:root:Result: Selector: High Level Ordering of Strategies -> Success
DEBUG:root:Executing:Sequence: Deffensive Strategy
DEBUG:root:Executing:Check: has_multiple_planets
DEBUG:root:Result: Check: has_multiple_planets -> Failure
DEBUG:root:Result: Sequence: Deffensive Strategy -> Failure
DEBUG:root:Result: Sequence: Defensive and Origional Root -> Failure
DEBUG:root:Finish turn

DEBUG:root:Executing:Sequence: Defensive and Origional Root
DEBUG:root:Executing:Selector: High Level Ordering of Strategies
DEBUG:root:Executing:Sequence: Offensive Strategy
DEBUG:root:Executing:Check: have_largest_fleet
DEBUG:root:Result: Check: have_largest_fleet -> Failure
DEBUG:root:Result: Sequence: Offensive Strategy -> Failure
DEBUG:root:Executing:Sequence: Spread Strategy
DEBUG:root:Executing:Check: if_neutral_planet_available
DEBUG:root:Result: Check: if_neutral_planet_available -> Success
DEBUG:root:Executing:Action: spread_to_highest_producer
DEBUG:root:Order:1 6 16.0
DEBUG:root:Result: Action: spread_to_highest_producer -> Success
DEBUG:root:Result: Sequence: Spread Strategy -> Success
DEBUG:root:Result: Selector: High Level Ordering of Strategies -> Success
DEBUG:root:Executing:Sequence: Deffensive Strategy
DEBUG:root:Executing:Check: has_multiple_planets
DEBUG:root:Result: Check: has_multiple_planets -> Failure
DEBUG:root:Result: Sequence: Deffensive Strategy -> Failure
DEBUG:root:Result: Sequence: Defensive and Origional Root -> Failure
DEBUG:root:Finish turn

DEBUG:root:Executing:Sequence: Defensive and Origional Root
DEBUG:root:Executing:Selector: High Level Ordering of Strategies
DEBUG:root:Executing:Sequence: Offensive Strategy
DEBUG:root:Executing:Check: have_largest_fleet
DEBUG:root:Result: Check: have_largest_fleet -> Failure
DEBUG:root:Result: Sequence: Offensive Strategy -> Failure
DEBUG:root:Executing:Sequence: Spread Strategy
DEBUG:root:Executing:Check: if_neutral_planet_available
DEBUG:root:Result: Check: if_neutral_planet_available -> Success
DEBUG:root:Executing:Action: spread_to_highest_producer
DEBUG:root:Result: Action: spread_to_highest_producer -> Failure
DEBUG:root:Result: Sequence: Spread Strategy -> Failure
DEBUG:root:Executing:Action: attack_strongest_enemy_planet
DEBUG:root:Result: Action: attack_strongest_enemy_planet -> Failure
DEBUG:root:Result: Selector: High Level Ordering of Strategies -> Failure
DEBUG:root:Result: Sequence: Defensive and Origional Root -> Failure
DEBUG:root:Finish turn

DEBUG:root:Executing:Sequence: Defensive and Origional Root
DEBUG:root:Executing:Selector: High Level Ordering of Strategies
DEBUG:root:Executing:Sequence: Offensive Strategy
DEBUG:root:Executing:Check: have_largest_fleet
DEBUG:root:Result: Check: have_largest_fleet -> Success
DEBUG:root:Executing:Action: attack_strongest_enemy_planet
DEBUG:root:Result: Action: attack_strongest_enemy_planet -> Failure
DEBUG:root:Result: Sequence: Offensive Strategy -> Failure
DEBUG:root:Executing:Sequence: Spread Strategy
DEBUG:root:Executing:Check: if_neutral_planet_available
DEBUG:root:Result: Check: if_neutral_planet_available -> Success
DEBUG:root:Executing:Action: spread_to_highest_producer
DEBUG:root:Result: Action: spread_to_highest_producer -> Failure
DEBUG:root:Result: Sequence: Spread Strategy -> Failure
DEBUG:root:Executing:Action: attack_strongest_enemy_planet
DEBUG:root:Result: Action: attack_strongest_enemy_planet -> Failure
DEBUG:root:Result: Selector: High Level Ordering of Strategies -> Failure
DEBUG:root:Result: Sequence: Defensive and Origional Root -> Failure
DEBUG:root:Finish turn

DEBUG:root:Executing:Sequence: Defensive and Origional Root
DEBUG:root:Executing:Selector: High Level Ordering of Strategies
DEBUG:root:Executing:Sequence: Offensive Strategy
DEBUG:root:Executing:Check: have_largest_fleet
DEBUG:root:Result: Check: have_largest_fleet -> Success
DEBUG:root:Executing:Action: attack_strongest_enemy_planet
DEBUG:root:Result: Action: attack_strongest_enemy_planet -> Failure
DEBUG:root:Result: Sequence: Offensive Strategy -> Failure
DEBUG:root:Executing:Sequence: Spread Strategy
DEBUG:root:Executing:Check: if_neutral_planet_available
DEBUG:root:Result: Check: if_neutral_planet_available -> Success
DEBUG:root:Executing:Action: spread_to_highest_producer
DEBUG:root:Result: Action: spread_to_highest_producer -> Failure
DEBUG:root:Result: Sequence: Spread Strategy -> Failure
DEBUG:root:Executing:Action: attack_strongest_enemy_planet
DEBUG:root:Result: Action: attack_strongest_enemy_planet -> Failure
DEBUG:root:Result: Selector: High Level Ordering of Strategies -> Failure
DEBUG:root:Result: Sequence: Defensive and Origional Root -> Failure
DEBUG:root:Finish turn

DEBUG:root:Executing:Sequence: Defensive and Origional Root
DEBUG:root:Executing:Selector: High Level Ordering of Strategies
DEBUG:root:Executing:Sequence: Offensive Strategy
DEBUG:root:Executing:Check: have_largest_fleet
DEBUG:root:Result: Check: have_largest_fleet -> Failure
DEBUG:root:Result: Sequence: Offensive Strategy -> Failure
DEBUG:root:Executing:Sequence: Spread Strategy
DEBUG:root:Executing:Check: if_neutral_planet_available
DEBUG:root:Result: Check: if_neutral_planet_available -> Success
DEBUG:root:Executing:Action: spread_to_highest_producer
DEBUG:root:Result: Action: spread_to_highest_producer -> Failure
DEBUG:root:Result: Sequence: Spread Strategy -> Failure
DEBUG:root:Executing:Action: attack_strongest_enemy_planet
DEBUG:root:Result: Action: attack_strongest_enemy_planet -> Failure
DEBUG:root:Result: Selector: High Level Ordering of Strategies -> Failure
DEBUG:root:Result: Sequence: Defensive and Origional Root -> Failure
DEBUG:root:Finish turn

DEBUG:root:Executing:Sequence: Defensive and Origional Root
DEBUG:root:Executing:Selector: High Level Ordering of Strategies
DEBUG:root:Executing:Sequence: Offensive Strategy
DEBUG:root:Executing:Check: have_largest_fleet
DEBUG:root:Result: Check: have_largest_fleet -> Success
DEBUG:root:Executing:Action: attack_strongest_enemy_planet
DEBUG:root:Result: Action: attack_strongest_enemy_planet -> Failure
DEBUG:root:Result: Sequence: Offensive Strategy -> Failure
DEBUG:root:Executing:Sequence: Spread Strategy
DEBUG:root:Executing:Check: if_neutral_planet_available
DEBUG:root:Result: Check: if_neutral_planet_available -> Success
DEBUG:root:Executing:Action: spread_to_highest_producer
DEBUG:root:Order:1 18 27.0
DEBUG:root:Result: Action: spread_to_highest_producer -> Success
DEBUG:root:Result: Sequence: Spread Strategy -> Success
DEBUG:root:Result: Selector: High Level Ordering of Strategies -> Success
DEBUG:root:Executing:Sequence: Deffensive Strategy
DEBUG:root:Executing:Check: has_multiple_planets
DEBUG:root:Result: Check: has_multiple_planets -> Success
DEBUG:root:Executing:Action: defend_planets
DEBUG:root:in defend planets
DEBUG:root:Result: Action: defend_planets -> Success
DEBUG:root:Result: Sequence: Deffensive Strategy -> Success
DEBUG:root:Result: Sequence: Defensive and Origional Root -> Success
DEBUG:root:Finish turn

DEBUG:root:Executing:Sequence: Defensive and Origional Root
DEBUG:root:Executing:Selector: High Level Ordering of Strategies
DEBUG:root:Executing:Sequence: Offensive Strategy
DEBUG:root:Executing:Check: have_largest_fleet
DEBUG:root:Result: Check: have_largest_fleet -> Success
DEBUG:root:Executing:Action: attack_strongest_enemy_planet
DEBUG:root:Result: Action: attack_strongest_enemy_planet -> Failure
DEBUG:root:Result: Sequence: Offensive Strategy -> Failure
DEBUG:root:Executing:Sequence: Spread Strategy
DEBUG:root:Executing:Check: if_neutral_planet_available
DEBUG:root:Result: Check: if_neutral_planet_available -> Success
DEBUG:root:Executing:Action: spread_to_highest_producer
DEBUG:root:Result: Action: spread_to_highest_producer -> Failure
DEBUG:root:Result: Sequence: Spread Strategy -> Failure
DEBUG:root:Executing:Action: attack_strongest_enemy_planet
DEBUG:root:Result: Action: attack_strongest_enemy_planet -> Failure
DEBUG:root:Result: Selector: High Level Ordering of Strategies -> Failure
DEBUG:root:Result: Sequence: Defensive and Origional Root -> Failure
DEBUG:root:Finish turn

DEBUG:root:Executing:Sequence: Defensive and Origional Root
DEBUG:root:Executing:Selector: High Level Ordering of Strategies
DEBUG:root:Executing:Sequence: Offensive Strategy
DEBUG:root:Executing:Check: have_largest_fleet
DEBUG:root:Result: Check: have_largest_fleet -> Failure
DEBUG:root:Result: Sequence: Offensive Strategy -> Failure
DEBUG:root:Executing:Sequence: Spread Strategy
DEBUG:root:Executing:Check: if_neutral_planet_available
DEBUG:root:Result: Check: if_neutral_planet_available -> Success
DEBUG:root:Executing:Action: spread_to_highest_producer
DEBUG:root:Result: Action: spread_to_highest_producer -> Failure
DEBUG:root:Result: Sequence: Spread Strategy -> Failure
DEBUG:root:Executing:Action: attack_strongest_enemy_planet
DEBUG:root:Result: Action: attack_strongest_enemy_planet -> Failure
DEBUG:root:Result: Selector: High Level Ordering of Strategies -> Failure
DEBUG:root:Result: Sequence: Defensive and Origional Root -> Failure
DEBUG:root:Finish turn

DEBUG:root:Executing:Sequence: Defensive and Origional Root
DEBUG:root:Executing:Selector: High Level Ordering of Strategies
DEBUG:root:Executing:Sequence: Offensive Strategy
DEBUG:root:Executing:Check: have_largest_fleet
DEBUG:root:Result: Check: have_largest_fleet -> Success
DEBUG:root:Executing:Action: attack_strongest_enemy_planet
DEBUG:root:Result: Action: attack_strongest_enemy_planet -> Failure
DEBUG:root:Result: Sequence: Offensive Strategy -> Failure
DEBUG:root:Executing:Sequence: Spread Strategy
DEBUG:root:Executing:Check: if_neutral_planet_available
DEBUG:root:Result: Check: if_neutral_planet_available -> Success
DEBUG:root:Executing:Action: spread_to_highest_producer
DEBUG:root:Result: Action: spread_to_highest_producer -> Failure
DEBUG:root:Result: Sequence: Spread Strategy -> Failure
DEBUG:root:Executing:Action: attack_strongest_enemy_planet
DEBUG:root:Result: Action: attack_strongest_enemy_planet -> Failure
DEBUG:root:Result: Selector: High Level Ordering of Strategies -> Failure
DEBUG:root:Result: Sequence: Defensive and Origional Root -> Failure
DEBUG:root:Finish turn

DEBUG:root:Executing:Sequence: Defensive and Origional Root
DEBUG:root:Executing:Selector: High Level Ordering of Strategies
DEBUG:root:Executing:Sequence: Offensive Strategy
DEBUG:root:Executing:Check: have_largest_fleet
DEBUG:root:Result: Check: have_largest_fleet -> Success
DEBUG:root:Executing:Action: attack_strongest_enemy_planet
DEBUG:root:Order:21 17 40.0
DEBUG:root:Result: Action: attack_strongest_enemy_planet -> Success
DEBUG:root:Result: Sequence: Offensive Strategy -> Success
DEBUG:root:Result: Selector: High Level Ordering of Strategies -> Success
DEBUG:root:Executing:Sequence: Deffensive Strategy
DEBUG:root:Executing:Check: has_multiple_planets
DEBUG:root:Result: Check: has_multiple_planets -> Success
DEBUG:root:Executing:Action: defend_planets
DEBUG:root:in defend planets
DEBUG:root:Order:1 18 12.0
DEBUG:root:Result: Action: defend_planets -> Success
DEBUG:root:Result: Sequence: Deffensive Strategy -> Success
DEBUG:root:Result: Sequence: Defensive and Origional Root -> Success
DEBUG:root:Finish turn

DEBUG:root:Executing:Sequence: Defensive and Origional Root
DEBUG:root:Executing:Selector: High Level Ordering of Strategies
DEBUG:root:Executing:Sequence: Offensive Strategy
DEBUG:root:Executing:Check: have_largest_fleet
DEBUG:root:Result: Check: have_largest_fleet -> Success
DEBUG:root:Executing:Action: attack_strongest_enemy_planet
DEBUG:root:Result: Action: attack_strongest_enemy_planet -> Failure
DEBUG:root:Result: Sequence: Offensive Strategy -> Failure
DEBUG:root:Executing:Sequence: Spread Strategy
DEBUG:root:Executing:Check: if_neutral_planet_available
DEBUG:root:Result: Check: if_neutral_planet_available -> Success
DEBUG:root:Executing:Action: spread_to_highest_producer
DEBUG:root:Result: Action: spread_to_highest_producer -> Failure
DEBUG:root:Result: Sequence: Spread Strategy -> Failure
DEBUG:root:Executing:Action: attack_strongest_enemy_planet
DEBUG:root:Result: Action: attack_strongest_enemy_planet -> Failure
DEBUG:root:Result: Selector: High Level Ordering of Strategies -> Failure
DEBUG:root:Result: Sequence: Defensive and Origional Root -> Failure
DEBUG:root:Finish turn

DEBUG:root:Executing:Sequence: Defensive and Origional Root
DEBUG:root:Executing:Selector: High Level Ordering of Strategies
DEBUG:root:Executing:Sequence: Offensive Strategy
DEBUG:root:Executing:Check: have_largest_fleet
DEBUG:root:Result: Check: have_largest_fleet -> Success
DEBUG:root:Executing:Action: attack_strongest_enemy_planet
DEBUG:root:Result: Action: attack_strongest_enemy_planet -> Failure
DEBUG:root:Result: Sequence: Offensive Strategy -> Failure
DEBUG:root:Executing:Sequence: Spread Strategy
DEBUG:root:Executing:Check: if_neutral_planet_available
DEBUG:root:Result: Check: if_neutral_planet_available -> Success
DEBUG:root:Executing:Action: spread_to_highest_producer
DEBUG:root:Result: Action: spread_to_highest_producer -> Failure
DEBUG:root:Result: Sequence: Spread Strategy -> Failure
DEBUG:root:Executing:Action: attack_strongest_enemy_planet
DEBUG:root:Result: Action: attack_strongest_enemy_planet -> Failure
DEBUG:root:Result: Selector: High Level Ordering of Strategies -> Failure
DEBUG:root:Result: Sequence: Defensive and Origional Root -> Failure
DEBUG:root:Finish turn

DEBUG:root:Executing:Sequence: Defensive and Origional Root
DEBUG:root:Executing:Selector: High Level Ordering of Strategies
DEBUG:root:Executing:Sequence: Offensive Strategy
DEBUG:root:Executing:Check: have_largest_fleet
DEBUG:root:Result: Check: have_largest_fleet -> Success
DEBUG:root:Executing:Action: attack_strongest_enemy_planet
DEBUG:root:Result: Action: attack_strongest_enemy_planet -> Failure
DEBUG:root:Result: Sequence: Offensive Strategy -> Failure
DEBUG:root:Executing:Sequence: Spread Strategy
DEBUG:root:Executing:Check: if_neutral_planet_available
DEBUG:root:Result: Check: if_neutral_planet_available -> Success
DEBUG:root:Executing:Action: spread_to_highest_producer
DEBUG:root:Result: Action: spread_to_highest_producer -> Failure
DEBUG:root:Result: Sequence: Spread Strategy -> Failure
DEBUG:root:Executing:Action: attack_strongest_enemy_planet
DEBUG:root:Result: Action: attack_strongest_enemy_planet -> Failure
DEBUG:root:Result: Selector: High Level Ordering of Strategies -> Failure
DEBUG:root:Result: Sequence: Defensive and Origional Root -> Failure
DEBUG:root:Finish turn

DEBUG:root:Executing:Sequence: Defensive and Origional Root
DEBUG:root:Executing:Selector: High Level Ordering of Strategies
DEBUG:root:Executing:Sequence: Offensive Strategy
DEBUG:root:Executing:Check: have_largest_fleet
DEBUG:root:Result: Check: have_largest_fleet -> Success
DEBUG:root:Executing:Action: attack_strongest_enemy_planet
DEBUG:root:Result: Action: attack_strongest_enemy_planet -> Failure
DEBUG:root:Result: Sequence: Offensive Strategy -> Failure
DEBUG:root:Executing:Sequence: Spread Strategy
DEBUG:root:Executing:Check: if_neutral_planet_available
DEBUG:root:Result: Check: if_neutral_planet_available -> Success
DEBUG:root:Executing:Action: spread_to_highest_producer
DEBUG:root:Result: Action: spread_to_highest_producer -> Failure
DEBUG:root:Result: Sequence: Spread Strategy -> Failure
DEBUG:root:Executing:Action: attack_strongest_enemy_planet
DEBUG:root:Result: Action: attack_strongest_enemy_planet -> Failure
DEBUG:root:Result: Selector: High Level Ordering of Strategies -> Failure
DEBUG:root:Result: Sequence: Defensive and Origional Root -> Failure
DEBUG:root:Finish turn

DEBUG:root:Executing:Sequence: Defensive and Origional Root
DEBUG:root:Executing:Selector: High Level Ordering of Strategies
DEBUG:root:Executing:Sequence: Offensive Strategy
DEBUG:root:Executing:Check: have_largest_fleet
DEBUG:root:Result: Check: have_largest_fleet -> Success
DEBUG:root:Executing:Action: attack_strongest_enemy_planet
DEBUG:root:Result: Action: attack_strongest_enemy_planet -> Failure
DEBUG:root:Result: Sequence: Offensive Strategy -> Failure
DEBUG:root:Executing:Sequence: Spread Strategy
DEBUG:root:Executing:Check: if_neutral_planet_available
DEBUG:root:Result: Check: if_neutral_planet_available -> Success
DEBUG:root:Executing:Action: spread_to_highest_producer
DEBUG:root:Result: Action: spread_to_highest_producer -> Failure
DEBUG:root:Result: Sequence: Spread Strategy -> Failure
DEBUG:root:Executing:Action: attack_strongest_enemy_planet
DEBUG:root:Result: Action: attack_strongest_enemy_planet -> Failure
DEBUG:root:Result: Selector: High Level Ordering of Strategies -> Failure
DEBUG:root:Result: Sequence: Defensive and Origional Root -> Failure
DEBUG:root:Finish turn

DEBUG:root:Executing:Sequence: Defensive and Origional Root
DEBUG:root:Executing:Selector: High Level Ordering of Strategies
DEBUG:root:Executing:Sequence: Offensive Strategy
DEBUG:root:Executing:Check: have_largest_fleet
DEBUG:root:Result: Check: have_largest_fleet -> Success
DEBUG:root:Executing:Action: attack_strongest_enemy_planet
DEBUG:root:Result: Action: attack_strongest_enemy_planet -> Failure
DEBUG:root:Result: Sequence: Offensive Strategy -> Failure
DEBUG:root:Executing:Sequence: Spread Strategy
DEBUG:root:Executing:Check: if_neutral_planet_available
DEBUG:root:Result: Check: if_neutral_planet_available -> Success
DEBUG:root:Executing:Action: spread_to_highest_producer
DEBUG:root:Order:1 10 37.0
DEBUG:root:Result: Action: spread_to_highest_producer -> Success
DEBUG:root:Result: Sequence: Spread Strategy -> Success
DEBUG:root:Result: Selector: High Level Ordering of Strategies -> Success
DEBUG:root:Executing:Sequence: Deffensive Strategy
DEBUG:root:Executing:Check: has_multiple_planets
DEBUG:root:Result: Check: has_multiple_planets -> Success
DEBUG:root:Executing:Action: defend_planets
DEBUG:root:in defend planets
DEBUG:root:Result: Action: defend_planets -> Success
DEBUG:root:Result: Sequence: Deffensive Strategy -> Success
DEBUG:root:Result: Sequence: Defensive and Origional Root -> Success
DEBUG:root:Finish turn

DEBUG:root:Executing:Sequence: Defensive and Origional Root
DEBUG:root:Executing:Selector: High Level Ordering of Strategies
DEBUG:root:Executing:Sequence: Offensive Strategy
DEBUG:root:Executing:Check: have_largest_fleet
DEBUG:root:Result: Check: have_largest_fleet -> Success
DEBUG:root:Executing:Action: attack_strongest_enemy_planet
DEBUG:root:Result: Action: attack_strongest_enemy_planet -> Failure
DEBUG:root:Result: Sequence: Offensive Strategy -> Failure
DEBUG:root:Executing:Sequence: Spread Strategy
DEBUG:root:Executing:Check: if_neutral_planet_available
DEBUG:root:Result: Check: if_neutral_planet_available -> Success
DEBUG:root:Executing:Action: spread_to_highest_producer
DEBUG:root:Result: Action: spread_to_highest_producer -> Failure
DEBUG:root:Result: Sequence: Spread Strategy -> Failure
DEBUG:root:Executing:Action: attack_strongest_enemy_planet
DEBUG:root:Result: Action: attack_strongest_enemy_planet -> Failure
DEBUG:root:Result: Selector: High Level Ordering of Strategies -> Failure
DEBUG:root:Result: Sequence: Defensive and Origional Root -> Failure
DEBUG:root:Finish turn

DEBUG:root:Executing:Sequence: Defensive and Origional Root
DEBUG:root:Executing:Selector: High Level Ordering of Strategies
DEBUG:root:Executing:Sequence: Offensive Strategy
DEBUG:root:Executing:Check: have_largest_fleet
DEBUG:root:Result: Check: have_largest_fleet -> Success
DEBUG:root:Executing:Action: attack_strongest_enemy_planet
DEBUG:root:Result: Action: attack_strongest_enemy_planet -> Failure
DEBUG:root:Result: Sequence: Offensive Strategy -> Failure
DEBUG:root:Executing:Sequence: Spread Strategy
DEBUG:root:Executing:Check: if_neutral_planet_available
DEBUG:root:Result: Check: if_neutral_planet_available -> Success
DEBUG:root:Executing:Action: spread_to_highest_producer
DEBUG:root:Order:21 9 37.0
DEBUG:root:Result: Action: spread_to_highest_producer -> Success
DEBUG:root:Result: Sequence: Spread Strategy -> Success
DEBUG:root:Result: Selector: High Level Ordering of Strategies -> Success
DEBUG:root:Executing:Sequence: Deffensive Strategy
DEBUG:root:Executing:Check: has_multiple_planets
DEBUG:root:Result: Check: has_multiple_planets -> Success
DEBUG:root:Executing:Action: defend_planets
DEBUG:root:in defend planets
DEBUG:root:Result: Action: defend_planets -> Success
DEBUG:root:Result: Sequence: Deffensive Strategy -> Success
DEBUG:root:Result: Sequence: Defensive and Origional Root -> Success
DEBUG:root:Finish turn

DEBUG:root:Executing:Sequence: Defensive and Origional Root
DEBUG:root:Executing:Selector: High Level Ordering of Strategies
DEBUG:root:Executing:Sequence: Offensive Strategy
DEBUG:root:Executing:Check: have_largest_fleet
DEBUG:root:Result: Check: have_largest_fleet -> Success
DEBUG:root:Executing:Action: attack_strongest_enemy_planet
DEBUG:root:Result: Action: attack_strongest_enemy_planet -> Failure
DEBUG:root:Result: Sequence: Offensive Strategy -> Failure
DEBUG:root:Executing:Sequence: Spread Strategy
DEBUG:root:Executing:Check: if_neutral_planet_available
DEBUG:root:Result: Check: if_neutral_planet_available -> Success
DEBUG:root:Executing:Action: spread_to_highest_producer
DEBUG:root:Result: Action: spread_to_highest_producer -> Failure
DEBUG:root:Result: Sequence: Spread Strategy -> Failure
DEBUG:root:Executing:Action: attack_strongest_enemy_planet
DEBUG:root:Result: Action: attack_strongest_enemy_planet -> Failure
DEBUG:root:Result: Selector: High Level Ordering of Strategies -> Failure
DEBUG:root:Result: Sequence: Defensive and Origional Root -> Failure
DEBUG:root:Finish turn

DEBUG:root:Executing:Sequence: Defensive and Origional Root
DEBUG:root:Executing:Selector: High Level Ordering of Strategies
DEBUG:root:Executing:Sequence: Offensive Strategy
DEBUG:root:Executing:Check: have_largest_fleet
DEBUG:root:Result: Check: have_largest_fleet -> Success
DEBUG:root:Executing:Action: attack_strongest_enemy_planet
DEBUG:root:Result: Action: attack_strongest_enemy_planet -> Failure
DEBUG:root:Result: Sequence: Offensive Strategy -> Failure
DEBUG:root:Executing:Sequence: Spread Strategy
DEBUG:root:Executing:Check: if_neutral_planet_available
DEBUG:root:Result: Check: if_neutral_planet_available -> Success
DEBUG:root:Executing:Action: spread_to_highest_producer
DEBUG:root:Result: Action: spread_to_highest_producer -> Failure
DEBUG:root:Result: Sequence: Spread Strategy -> Failure
DEBUG:root:Executing:Action: attack_strongest_enemy_planet
DEBUG:root:Result: Action: attack_strongest_enemy_planet -> Failure
DEBUG:root:Result: Selector: High Level Ordering of Strategies -> Failure
DEBUG:root:Result: Sequence: Defensive and Origional Root -> Failure
DEBUG:root:Finish turn

DEBUG:root:Executing:Sequence: Defensive and Origional Root
DEBUG:root:Executing:Selector: High Level Ordering of Strategies
DEBUG:root:Executing:Sequence: Offensive Strategy
DEBUG:root:Executing:Check: have_largest_fleet
DEBUG:root:Result: Check: have_largest_fleet -> Success
DEBUG:root:Executing:Action: attack_strongest_enemy_planet
DEBUG:root:Result: Action: attack_strongest_enemy_planet -> Failure
DEBUG:root:Result: Sequence: Offensive Strategy -> Failure
DEBUG:root:Executing:Sequence: Spread Strategy
DEBUG:root:Executing:Check: if_neutral_planet_available
DEBUG:root:Result: Check: if_neutral_planet_available -> Success
DEBUG:root:Executing:Action: spread_to_highest_producer
DEBUG:root:Result: Action: spread_to_highest_producer -> Failure
DEBUG:root:Result: Sequence: Spread Strategy -> Failure
DEBUG:root:Executing:Action: attack_strongest_enemy_planet
DEBUG:root:Result: Action: attack_strongest_enemy_planet -> Failure
DEBUG:root:Result: Selector: High Level Ordering of Strategies -> Failure
DEBUG:root:Result: Sequence: Defensive and Origional Root -> Failure
DEBUG:root:Finish turn

DEBUG:root:Executing:Sequence: Defensive and Origional Root
DEBUG:root:Executing:Selector: High Level Ordering of Strategies
DEBUG:root:Executing:Sequence: Offensive Strategy
DEBUG:root:Executing:Check: have_largest_fleet
DEBUG:root:Result: Check: have_largest_fleet -> Success
DEBUG:root:Executing:Action: attack_strongest_enemy_planet
DEBUG:root:Result: Action: attack_strongest_enemy_planet -> Failure
DEBUG:root:Result: Sequence: Offensive Strategy -> Failure
DEBUG:root:Executing:Sequence: Spread Strategy
DEBUG:root:Executing:Check: if_neutral_planet_available
DEBUG:root:Result: Check: if_neutral_planet_available -> Success
DEBUG:root:Executing:Action: spread_to_highest_producer
DEBUG:root:Result: Action: spread_to_highest_producer -> Failure
DEBUG:root:Result: Sequence: Spread Strategy -> Failure
DEBUG:root:Executing:Action: attack_strongest_enemy_planet
DEBUG:root:Result: Action: attack_strongest_enemy_planet -> Failure
DEBUG:root:Result: Selector: High Level Ordering of Strategies -> Failure
DEBUG:root:Result: Sequence: Defensive and Origional Root -> Failure
DEBUG:root:Finish turn

DEBUG:root:Executing:Sequence: Defensive and Origional Root
DEBUG:root:Executing:Selector: High Level Ordering of Strategies
DEBUG:root:Executing:Sequence: Offensive Strategy
DEBUG:root:Executing:Check: have_largest_fleet
DEBUG:root:Result: Check: have_largest_fleet -> Success
DEBUG:root:Executing:Action: attack_strongest_enemy_planet
DEBUG:root:Result: Action: attack_strongest_enemy_planet -> Failure
DEBUG:root:Result: Sequence: Offensive Strategy -> Failure
DEBUG:root:Executing:Sequence: Spread Strategy
DEBUG:root:Executing:Check: if_neutral_planet_available
DEBUG:root:Result: Check: if_neutral_planet_available -> Success
DEBUG:root:Executing:Action: spread_to_highest_producer
DEBUG:root:Result: Action: spread_to_highest_producer -> Failure
DEBUG:root:Result: Sequence: Spread Strategy -> Failure
DEBUG:root:Executing:Action: attack_strongest_enemy_planet
DEBUG:root:Result: Action: attack_strongest_enemy_planet -> Failure
DEBUG:root:Result: Selector: High Level Ordering of Strategies -> Failure
DEBUG:root:Result: Sequence: Defensive and Origional Root -> Failure
DEBUG:root:Finish turn

DEBUG:root:Executing:Sequence: Defensive and Origional Root
DEBUG:root:Executing:Selector: High Level Ordering of Strategies
DEBUG:root:Executing:Sequence: Offensive Strategy
DEBUG:root:Executing:Check: have_largest_fleet
DEBUG:root:Result: Check: have_largest_fleet -> Success
DEBUG:root:Executing:Action: attack_strongest_enemy_planet
DEBUG:root:Result: Action: attack_strongest_enemy_planet -> Failure
DEBUG:root:Result: Sequence: Offensive Strategy -> Failure
DEBUG:root:Executing:Sequence: Spread Strategy
DEBUG:root:Executing:Check: if_neutral_planet_available
DEBUG:root:Result: Check: if_neutral_planet_available -> Success
DEBUG:root:Executing:Action: spread_to_highest_producer
DEBUG:root:Result: Action: spread_to_highest_producer -> Failure
DEBUG:root:Result: Sequence: Spread Strategy -> Failure
DEBUG:root:Executing:Action: attack_strongest_enemy_planet
DEBUG:root:Result: Action: attack_strongest_enemy_planet -> Failure
DEBUG:root:Result: Selector: High Level Ordering of Strategies -> Failure
DEBUG:root:Result: Sequence: Defensive and Origional Root -> Failure
DEBUG:root:Finish turn

DEBUG:root:Executing:Sequence: Defensive and Origional Root
DEBUG:root:Executing:Selector: High Level Ordering of Strategies
DEBUG:root:Executing:Sequence: Offensive Strategy
DEBUG:root:Executing:Check: have_largest_fleet
DEBUG:root:Result: Check: have_largest_fleet -> Success
DEBUG:root:Executing:Action: attack_strongest_enemy_planet
DEBUG:root:Result: Action: attack_strongest_enemy_planet -> Failure
DEBUG:root:Result: Sequence: Offensive Strategy -> Failure
DEBUG:root:Executing:Sequence: Spread Strategy
DEBUG:root:Executing:Check: if_neutral_planet_available
DEBUG:root:Result: Check: if_neutral_planet_available -> Success
DEBUG:root:Executing:Action: spread_to_highest_producer
DEBUG:root:Order:1 12 44.0
DEBUG:root:Result: Action: spread_to_highest_producer -> Success
DEBUG:root:Result: Sequence: Spread Strategy -> Success
DEBUG:root:Result: Selector: High Level Ordering of Strategies -> Success
DEBUG:root:Executing:Sequence: Deffensive Strategy
DEBUG:root:Executing:Check: has_multiple_planets
DEBUG:root:Result: Check: has_multiple_planets -> Success
DEBUG:root:Executing:Action: defend_planets
DEBUG:root:in defend planets
DEBUG:root:Failed to fulfil 19.0 ships at 22 at time 2.
DEBUG:root:Result: Action: defend_planets -> Failure
DEBUG:root:Result: Sequence: Deffensive Strategy -> Failure
DEBUG:root:Result: Sequence: Defensive and Origional Root -> Failure
DEBUG:root:Finish turn

DEBUG:root:Executing:Sequence: Defensive and Origional Root
DEBUG:root:Executing:Selector: High Level Ordering of Strategies
DEBUG:root:Executing:Sequence: Offensive Strategy
DEBUG:root:Executing:Check: have_largest_fleet
DEBUG:root:Result: Check: have_largest_fleet -> Success
DEBUG:root:Executing:Action: attack_strongest_enemy_planet
DEBUG:root:Result: Action: attack_strongest_enemy_planet -> Failure
DEBUG:root:Result: Sequence: Offensive Strategy -> Failure
DEBUG:root:Executing:Sequence: Spread Strategy
DEBUG:root:Executing:Check: if_neutral_planet_available
DEBUG:root:Result: Check: if_neutral_planet_available -> Success
DEBUG:root:Executing:Action: spread_to_highest_producer
DEBUG:root:Result: Action: spread_to_highest_producer -> Failure
DEBUG:root:Result: Sequence: Spread Strategy -> Failure
DEBUG:root:Executing:Action: attack_strongest_enemy_planet
DEBUG:root:Result: Action: attack_strongest_enemy_planet -> Failure
DEBUG:root:Result: Selector: High Level Ordering of Strategies -> Failure
DEBUG:root:Result: Sequence: Defensive and Origional Root -> Failure
DEBUG:root:Finish turn

DEBUG:root:Executing:Sequence: Defensive and Origional Root
DEBUG:root:Executing:Selector: High Level Ordering of Strategies
DEBUG:root:Executing:Sequence: Offensive Strategy
DEBUG:root:Executing:Check: have_largest_fleet
DEBUG:root:Result: Check: have_largest_fleet -> Success
DEBUG:root:Executing:Action: attack_strongest_enemy_planet
DEBUG:root:Result: Action: attack_strongest_enemy_planet -> Failure
DEBUG:root:Result: Sequence: Offensive Strategy -> Failure
DEBUG:root:Executing:Sequence: Spread Strategy
DEBUG:root:Executing:Check: if_neutral_planet_available
DEBUG:root:Result: Check: if_neutral_planet_available -> Success
DEBUG:root:Executing:Action: spread_to_highest_producer
DEBUG:root:Order:21 11 44.0
DEBUG:root:Result: Action: spread_to_highest_producer -> Success
DEBUG:root:Result: Sequence: Spread Strategy -> Success
DEBUG:root:Result: Selector: High Level Ordering of Strategies -> Success
DEBUG:root:Executing:Sequence: Deffensive Strategy
DEBUG:root:Executing:Check: has_multiple_planets
DEBUG:root:Result: Check: has_multiple_planets -> Success
DEBUG:root:Executing:Action: defend_planets
DEBUG:root:in defend planets
DEBUG:root:Failed to fulfil 26.0 ships at 10 at time 10.
DEBUG:root:Result: Action: defend_planets -> Failure
DEBUG:root:Result: Sequence: Deffensive Strategy -> Failure
DEBUG:root:Result: Sequence: Defensive and Origional Root -> Failure
DEBUG:root:Finish turn

DEBUG:root:Executing:Sequence: Defensive and Origional Root
DEBUG:root:Executing:Selector: High Level Ordering of Strategies
DEBUG:root:Executing:Sequence: Offensive Strategy
DEBUG:root:Executing:Check: have_largest_fleet
DEBUG:root:Result: Check: have_largest_fleet -> Success
DEBUG:root:Executing:Action: attack_strongest_enemy_planet
DEBUG:root:Order:0 5 23.0
DEBUG:root:Result: Action: attack_strongest_enemy_planet -> Success
DEBUG:root:Result: Sequence: Offensive Strategy -> Success
DEBUG:root:Result: Selector: High Level Ordering of Strategies -> Success
DEBUG:root:Executing:Sequence: Deffensive Strategy
DEBUG:root:Executing:Check: has_multiple_planets
DEBUG:root:Result: Check: has_multiple_planets -> Success
DEBUG:root:Executing:Action: defend_planets
DEBUG:root:in defend planets
DEBUG:root:Failed to fulfil 26.0 ships at 10 at time 9.
DEBUG:root:Result: Action: defend_planets -> Failure
DEBUG:root:Result: Sequence: Deffensive Strategy -> Failure
DEBUG:root:Result: Sequence: Defensive and Origional Root -> Failure
DEBUG:root:Finish turn

DEBUG:root:Executing:Sequence: Defensive and Origional Root
DEBUG:root:Executing:Selector: High Level Ordering of Strategies
DEBUG:root:Executing:Sequence: Offensive Strategy
DEBUG:root:Executing:Check: have_largest_fleet
DEBUG:root:Result: Check: have_largest_fleet -> Success
DEBUG:root:Executing:Action: attack_strongest_enemy_planet
DEBUG:root:Result: Action: attack_strongest_enemy_planet -> Failure
DEBUG:root:Result: Sequence: Offensive Strategy -> Failure
DEBUG:root:Executing:Sequence: Spread Strategy
DEBUG:root:Executing:Check: if_neutral_planet_available
DEBUG:root:Result: Check: if_neutral_planet_available -> Success
DEBUG:root:Executing:Action: spread_to_highest_producer
DEBUG:root:Result: Action: spread_to_highest_producer -> Failure
DEBUG:root:Result: Sequence: Spread Strategy -> Failure
DEBUG:root:Executing:Action: attack_strongest_enemy_planet
DEBUG:root:Result: Action: attack_strongest_enemy_planet -> Failure
DEBUG:root:Result: Selector: High Level Ordering of Strategies -> Failure
DEBUG:root:Result: Sequence: Defensive and Origional Root -> Failure
DEBUG:root:Finish turn

DEBUG:root:Executing:Sequence: Defensive and Origional Root
DEBUG:root:Executing:Selector: High Level Ordering of Strategies
DEBUG:root:Executing:Sequence: Offensive Strategy
DEBUG:root:Executing:Check: have_largest_fleet
DEBUG:root:Result: Check: have_largest_fleet -> Success
DEBUG:root:Executing:Action: attack_strongest_enemy_planet
DEBUG:root:Result: Action: attack_strongest_enemy_planet -> Failure
DEBUG:root:Result: Sequence: Offensive Strategy -> Failure
DEBUG:root:Executing:Sequence: Spread Strategy
DEBUG:root:Executing:Check: if_neutral_planet_available
DEBUG:root:Result: Check: if_neutral_planet_available -> Success
DEBUG:root:Executing:Action: spread_to_highest_producer
DEBUG:root:Result: Action: spread_to_highest_producer -> Failure
DEBUG:root:Result: Sequence: Spread Strategy -> Failure
DEBUG:root:Executing:Action: attack_strongest_enemy_planet
DEBUG:root:Result: Action: attack_strongest_enemy_planet -> Failure
DEBUG:root:Result: Selector: High Level Ordering of Strategies -> Failure
DEBUG:root:Result: Sequence: Defensive and Origional Root -> Failure
DEBUG:root:Finish turn

DEBUG:root:Executing:Sequence: Defensive and Origional Root
DEBUG:root:Executing:Selector: High Level Ordering of Strategies
DEBUG:root:Executing:Sequence: Offensive Strategy
DEBUG:root:Executing:Check: have_largest_fleet
DEBUG:root:Result: Check: have_largest_fleet -> Success
DEBUG:root:Executing:Action: attack_strongest_enemy_planet
DEBUG:root:Result: Action: attack_strongest_enemy_planet -> Failure
DEBUG:root:Result: Sequence: Offensive Strategy -> Failure
DEBUG:root:Executing:Sequence: Spread Strategy
DEBUG:root:Executing:Check: if_neutral_planet_available
DEBUG:root:Result: Check: if_neutral_planet_available -> Success
DEBUG:root:Executing:Action: spread_to_highest_producer
DEBUG:root:Result: Action: spread_to_highest_producer -> Failure
DEBUG:root:Result: Sequence: Spread Strategy -> Failure
DEBUG:root:Executing:Action: attack_strongest_enemy_planet
DEBUG:root:Result: Action: attack_strongest_enemy_planet -> Failure
DEBUG:root:Result: Selector: High Level Ordering of Strategies -> Failure
DEBUG:root:Result: Sequence: Defensive and Origional Root -> Failure
DEBUG:root:Finish turn

DEBUG:root:Executing:Sequence: Defensive and Origional Root
DEBUG:root:Executing:Selector: High Level Ordering of Strategies
DEBUG:root:Executing:Sequence: Offensive Strategy
DEBUG:root:Executing:Check: have_largest_fleet
DEBUG:root:Result: Check: have_largest_fleet -> Success
DEBUG:root:Executing:Action: attack_strongest_enemy_planet
DEBUG:root:Result: Action: attack_strongest_enemy_planet -> Failure
DEBUG:root:Result: Sequence: Offensive Strategy -> Failure
DEBUG:root:Executing:Sequence: Spread Strategy
DEBUG:root:Executing:Check: if_neutral_planet_available
DEBUG:root:Result: Check: if_neutral_planet_available -> Success
DEBUG:root:Executing:Action: spread_to_highest_producer
DEBUG:root:Result: Action: spread_to_highest_producer -> Failure
DEBUG:root:Result: Sequence: Spread Strategy -> Failure
DEBUG:root:Executing:Action: attack_strongest_enemy_planet
DEBUG:root:Result: Action: attack_strongest_enemy_planet -> Failure
DEBUG:root:Result: Selector: High Level Ordering of Strategies -> Failure
DEBUG:root:Result: Sequence: Defensive and Origional Root -> Failure
DEBUG:root:Finish turn

DEBUG:root:Executing:Sequence: Defensive and Origional Root
DEBUG:root:Executing:Selector: High Level Ordering of Strategies
DEBUG:root:Executing:Sequence: Offensive Strategy
DEBUG:root:Executing:Check: have_largest_fleet
DEBUG:root:Result: Check: have_largest_fleet -> Success
DEBUG:root:Executing:Action: attack_strongest_enemy_planet
DEBUG:root:Result: Action: attack_strongest_enemy_planet -> Failure
DEBUG:root:Result: Sequence: Offensive Strategy -> Failure
DEBUG:root:Executing:Sequence: Spread Strategy
DEBUG:root:Executing:Check: if_neutral_planet_available
DEBUG:root:Result: Check: if_neutral_planet_available -> Success
DEBUG:root:Executing:Action: spread_to_highest_producer
DEBUG:root:Result: Action: spread_to_highest_producer -> Failure
DEBUG:root:Result: Sequence: Spread Strategy -> Failure
DEBUG:root:Executing:Action: attack_strongest_enemy_planet
DEBUG:root:Result: Action: attack_strongest_enemy_planet -> Failure
DEBUG:root:Result: Selector: High Level Ordering of Strategies -> Failure
DEBUG:root:Result: Sequence: Defensive and Origional Root -> Failure
DEBUG:root:Finish turn

DEBUG:root:Executing:Sequence: Defensive and Origional Root
DEBUG:root:Executing:Selector: High Level Ordering of Strategies
DEBUG:root:Executing:Sequence: Offensive Strategy
DEBUG:root:Executing:Check: have_largest_fleet
DEBUG:root:Result: Check: have_largest_fleet -> Success
DEBUG:root:Executing:Action: attack_strongest_enemy_planet
DEBUG:root:Result: Action: attack_strongest_enemy_planet -> Failure
DEBUG:root:Result: Sequence: Offensive Strategy -> Failure
DEBUG:root:Executing:Sequence: Spread Strategy
DEBUG:root:Executing:Check: if_neutral_planet_available
DEBUG:root:Result: Check: if_neutral_planet_available -> Success
DEBUG:root:Executing:Action: spread_to_highest_producer
DEBUG:root:Result: Action: spread_to_highest_producer -> Failure
DEBUG:root:Result: Sequence: Spread Strategy -> Failure
DEBUG:root:Executing:Action: attack_strongest_enemy_planet
DEBUG:root:Result: Action: attack_strongest_enemy_planet -> Failure
DEBUG:root:Result: Selector: High Level Ordering of Strategies -> Failure
DEBUG:root:Result: Sequence: Defensive and Origional Root -> Failure
DEBUG:root:Finish turn

DEBUG:root:Executing:Sequence: Defensive and Origional Root
DEBUG:root:Executing:Selector: High Level Ordering of Strategies
DEBUG:root:Executing:Sequence: Offensive Strategy
DEBUG:root:Executing:Check: have_largest_fleet
DEBUG:root:Result: Check: have_largest_fleet -> Success
DEBUG:root:Executing:Action: attack_strongest_enemy_planet
DEBUG:root:Result: Action: attack_strongest_enemy_planet -> Failure
DEBUG:root:Result: Sequence: Offensive Strategy -> Failure
DEBUG:root:Executing:Sequence: Spread Strategy
DEBUG:root:Executing:Check: if_neutral_planet_available
DEBUG:root:Result: Check: if_neutral_planet_available -> Success
DEBUG:root:Executing:Action: spread_to_highest_producer
DEBUG:root:Result: Action: spread_to_highest_producer -> Failure
DEBUG:root:Result: Sequence: Spread Strategy -> Failure
DEBUG:root:Executing:Action: attack_strongest_enemy_planet
DEBUG:root:Result: Action: attack_strongest_enemy_planet -> Failure
DEBUG:root:Result: Selector: High Level Ordering of Strategies -> Failure
DEBUG:root:Result: Sequence: Defensive and Origional Root -> Failure
DEBUG:root:Finish turn

DEBUG:root:Executing:Sequence: Defensive and Origional Root
DEBUG:root:Executing:Selector: High Level Ordering of Strategies
DEBUG:root:Executing:Sequence: Offensive Strategy
DEBUG:root:Executing:Check: have_largest_fleet
DEBUG:root:Result: Check: have_largest_fleet -> Success
DEBUG:root:Executing:Action: attack_strongest_enemy_planet
DEBUG:root:Order:1 5 46.0
DEBUG:root:Result: Action: attack_strongest_enemy_planet -> Success
DEBUG:root:Result: Sequence: Offensive Strategy -> Success
DEBUG:root:Result: Selector: High Level Ordering of Strategies -> Success
DEBUG:root:Executing:Sequence: Deffensive Strategy
DEBUG:root:Executing:Check: has_multiple_planets
DEBUG:root:Result: Check: has_multiple_planets -> Success
DEBUG:root:Executing:Action: defend_planets
DEBUG:root:in defend planets
DEBUG:root:Failed to fulfil 26.0 ships at 10 at time 1.
DEBUG:root:Result: Action: defend_planets -> Failure
DEBUG:root:Result: Sequence: Deffensive Strategy -> Failure
DEBUG:root:Result: Sequence: Defensive and Origional Root -> Failure
DEBUG:root:Finish turn

DEBUG:root:Executing:Sequence: Defensive and Origional Root
DEBUG:root:Executing:Selector: High Level Ordering of Strategies
DEBUG:root:Executing:Sequence: Offensive Strategy
DEBUG:root:Executing:Check: have_largest_fleet
DEBUG:root:Result: Check: have_largest_fleet -> Success
DEBUG:root:Executing:Action: attack_strongest_enemy_planet
DEBUG:root:Order:0 10 38.0
DEBUG:root:Result: Action: attack_strongest_enemy_planet -> Success
DEBUG:root:Result: Sequence: Offensive Strategy -> Success
DEBUG:root:Result: Selector: High Level Ordering of Strategies -> Success
DEBUG:root:Executing:Sequence: Deffensive Strategy
DEBUG:root:Executing:Check: has_multiple_planets
DEBUG:root:Result: Check: has_multiple_planets -> Success
DEBUG:root:Executing:Action: defend_planets
DEBUG:root:in defend planets
DEBUG:root:Result: Action: defend_planets -> Success
DEBUG:root:Result: Sequence: Deffensive Strategy -> Success
DEBUG:root:Result: Sequence: Defensive and Origional Root -> Success
DEBUG:root:Finish turn

DEBUG:root:Executing:Sequence: Defensive and Origional Root
DEBUG:root:Executing:Selector: High Level Ordering of Strategies
DEBUG:root:Executing:Sequence: Offensive Strategy
DEBUG:root:Executing:Check: have_largest_fleet
DEBUG:root:Result: Check: have_largest_fleet -> Success
DEBUG:root:Executing:Action: attack_strongest_enemy_planet
DEBUG:root:Order:21 17 29.0
DEBUG:root:Result: Action: attack_strongest_enemy_planet -> Success
DEBUG:root:Result: Sequence: Offensive Strategy -> Success
DEBUG:root:Result: Selector: High Level Ordering of Strategies -> Success
DEBUG:root:Executing:Sequence: Deffensive Strategy
DEBUG:root:Executing:Check: has_multiple_planets
DEBUG:root:Result: Check: has_multiple_planets -> Success
DEBUG:root:Executing:Action: defend_planets
DEBUG:root:in defend planets
DEBUG:root:Result: Action: defend_planets -> Success
DEBUG:root:Result: Sequence: Deffensive Strategy -> Success
DEBUG:root:Result: Sequence: Defensive and Origional Root -> Success
DEBUG:root:Finish turn

DEBUG:root:Executing:Sequence: Defensive and Origional Root
DEBUG:root:Executing:Selector: High Level Ordering of Strategies
DEBUG:root:Executing:Sequence: Offensive Strategy
DEBUG:root:Executing:Check: have_largest_fleet
DEBUG:root:Result: Check: have_largest_fleet -> Success
DEBUG:root:Executing:Action: attack_strongest_enemy_planet
DEBUG:root:Result: Action: attack_strongest_enemy_planet -> Failure
DEBUG:root:Result: Sequence: Offensive Strategy -> Failure
DEBUG:root:Executing:Sequence: Spread Strategy
DEBUG:root:Executing:Check: if_neutral_planet_available
DEBUG:root:Result: Check: if_neutral_planet_available -> Success
DEBUG:root:Executing:Action: spread_to_highest_producer
DEBUG:root:Result: Action: spread_to_highest_producer -> Failure
DEBUG:root:Result: Sequence: Spread Strategy -> Failure
DEBUG:root:Executing:Action: attack_strongest_enemy_planet
DEBUG:root:Result: Action: attack_strongest_enemy_planet -> Failure
DEBUG:root:Result: Selector: High Level Ordering of Strategies -> Failure
DEBUG:root:Result: Sequence: Defensive and Origional Root -> Failure
DEBUG:root:Finish turn

DEBUG:root:Executing:Sequence: Defensive and Origional Root
DEBUG:root:Executing:Selector: High Level Ordering of Strategies
DEBUG:root:Executing:Sequence: Offensive Strategy
DEBUG:root:Executing:Check: have_largest_fleet
DEBUG:root:Result: Check: have_largest_fleet -> Success
DEBUG:root:Executing:Action: attack_strongest_enemy_planet
DEBUG:root:Result: Action: attack_strongest_enemy_planet -> Failure
DEBUG:root:Result: Sequence: Offensive Strategy -> Failure
DEBUG:root:Executing:Sequence: Spread Strategy
DEBUG:root:Executing:Check: if_neutral_planet_available
DEBUG:root:Result: Check: if_neutral_planet_available -> Success
DEBUG:root:Executing:Action: spread_to_highest_producer
DEBUG:root:Result: Action: spread_to_highest_producer -> Failure
DEBUG:root:Result: Sequence: Spread Strategy -> Failure
DEBUG:root:Executing:Action: attack_strongest_enemy_planet
DEBUG:root:Result: Action: attack_strongest_enemy_planet -> Failure
DEBUG:root:Result: Selector: High Level Ordering of Strategies -> Failure
DEBUG:root:Result: Sequence: Defensive and Origional Root -> Failure
DEBUG:root:Finish turn

DEBUG:root:Executing:Sequence: Defensive and Origional Root
DEBUG:root:Executing:Selector: High Level Ordering of Strategies
DEBUG:root:Executing:Sequence: Offensive Strategy
DEBUG:root:Executing:Check: have_largest_fleet
DEBUG:root:Result: Check: have_largest_fleet -> Success
DEBUG:root:Executing:Action: attack_strongest_enemy_planet
DEBUG:root:Result: Action: attack_strongest_enemy_planet -> Failure
DEBUG:root:Result: Sequence: Offensive Strategy -> Failure
DEBUG:root:Executing:Sequence: Spread Strategy
DEBUG:root:Executing:Check: if_neutral_planet_available
DEBUG:root:Result: Check: if_neutral_planet_available -> Success
DEBUG:root:Executing:Action: spread_to_highest_producer
DEBUG:root:Result: Action: spread_to_highest_producer -> Failure
DEBUG:root:Result: Sequence: Spread Strategy -> Failure
DEBUG:root:Executing:Action: attack_strongest_enemy_planet
DEBUG:root:Result: Action: attack_strongest_enemy_planet -> Failure
DEBUG:root:Result: Selector: High Level Ordering of Strategies -> Failure
DEBUG:root:Result: Sequence: Defensive and Origional Root -> Failure
DEBUG:root:Finish turn

DEBUG:root:Executing:Sequence: Defensive and Origional Root
DEBUG:root:Executing:Selector: High Level Ordering of Strategies
DEBUG:root:Executing:Sequence: Offensive Strategy
DEBUG:root:Executing:Check: have_largest_fleet
DEBUG:root:Result: Check: have_largest_fleet -> Success
DEBUG:root:Executing:Action: attack_strongest_enemy_planet
DEBUG:root:Result: Action: attack_strongest_enemy_planet -> Failure
DEBUG:root:Result: Sequence: Offensive Strategy -> Failure
DEBUG:root:Executing:Sequence: Spread Strategy
DEBUG:root:Executing:Check: if_neutral_planet_available
DEBUG:root:Result: Check: if_neutral_planet_available -> Success
DEBUG:root:Executing:Action: spread_to_highest_producer
DEBUG:root:Result: Action: spread_to_highest_producer -> Failure
DEBUG:root:Result: Sequence: Spread Strategy -> Failure
DEBUG:root:Executing:Action: attack_strongest_enemy_planet
DEBUG:root:Result: Action: attack_strongest_enemy_planet -> Failure
DEBUG:root:Result: Selector: High Level Ordering of Strategies -> Failure
DEBUG:root:Result: Sequence: Defensive and Origional Root -> Failure
DEBUG:root:Finish turn

DEBUG:root:Executing:Sequence: Defensive and Origional Root
DEBUG:root:Executing:Selector: High Level Ordering of Strategies
DEBUG:root:Executing:Sequence: Offensive Strategy
DEBUG:root:Executing:Check: have_largest_fleet
DEBUG:root:Result: Check: have_largest_fleet -> Success
DEBUG:root:Executing:Action: attack_strongest_enemy_planet
DEBUG:root:Result: Action: attack_strongest_enemy_planet -> Failure
DEBUG:root:Result: Sequence: Offensive Strategy -> Failure
DEBUG:root:Executing:Sequence: Spread Strategy
DEBUG:root:Executing:Check: if_neutral_planet_available
DEBUG:root:Result: Check: if_neutral_planet_available -> Success
DEBUG:root:Executing:Action: spread_to_highest_producer
DEBUG:root:Order:6 14 60.0
DEBUG:root:Result: Action: spread_to_highest_producer -> Success
DEBUG:root:Result: Sequence: Spread Strategy -> Success
DEBUG:root:Result: Selector: High Level Ordering of Strategies -> Success
DEBUG:root:Executing:Sequence: Deffensive Strategy
DEBUG:root:Executing:Check: has_multiple_planets
DEBUG:root:Result: Check: has_multiple_planets -> Success
DEBUG:root:Executing:Action: defend_planets
DEBUG:root:in defend planets
DEBUG:root:Result: Action: defend_planets -> Success
DEBUG:root:Result: Sequence: Deffensive Strategy -> Success
DEBUG:root:Result: Sequence: Defensive and Origional Root -> Success
DEBUG:root:Finish turn

DEBUG:root:Executing:Sequence: Defensive and Origional Root
DEBUG:root:Executing:Selector: High Level Ordering of Strategies
DEBUG:root:Executing:Sequence: Offensive Strategy
DEBUG:root:Executing:Check: have_largest_fleet
DEBUG:root:Result: Check: have_largest_fleet -> Success
DEBUG:root:Executing:Action: attack_strongest_enemy_planet
DEBUG:root:Result: Action: attack_strongest_enemy_planet -> Failure
DEBUG:root:Result: Sequence: Offensive Strategy -> Failure
DEBUG:root:Executing:Sequence: Spread Strategy
DEBUG:root:Executing:Check: if_neutral_planet_available
DEBUG:root:Result: Check: if_neutral_planet_available -> Success
DEBUG:root:Executing:Action: spread_to_highest_producer
DEBUG:root:Order:21 13 60.0
DEBUG:root:Result: Action: spread_to_highest_producer -> Success
DEBUG:root:Result: Sequence: Spread Strategy -> Success
DEBUG:root:Result: Selector: High Level Ordering of Strategies -> Success
DEBUG:root:Executing:Sequence: Deffensive Strategy
DEBUG:root:Executing:Check: has_multiple_planets
DEBUG:root:Result: Check: has_multiple_planets -> Success
DEBUG:root:Executing:Action: defend_planets
DEBUG:root:in defend planets
DEBUG:root:Result: Action: defend_planets -> Success
DEBUG:root:Result: Sequence: Deffensive Strategy -> Success
DEBUG:root:Result: Sequence: Defensive and Origional Root -> Success
DEBUG:root:Finish turn

DEBUG:root:Executing:Sequence: Defensive and Origional Root
DEBUG:root:Executing:Selector: High Level Ordering of Strategies
DEBUG:root:Executing:Sequence: Offensive Strategy
DEBUG:root:Executing:Check: have_largest_fleet
DEBUG:root:Result: Check: have_largest_fleet -> Success
DEBUG:root:Executing:Action: attack_strongest_enemy_planet
DEBUG:root:Result: Action: attack_strongest_enemy_planet -> Failure
DEBUG:root:Result: Sequence: Offensive Strategy -> Failure
DEBUG:root:Executing:Sequence: Spread Strategy
DEBUG:root:Executing:Check: if_neutral_planet_available
DEBUG:root:Result: Check: if_neutral_planet_available -> Success
DEBUG:root:Executing:Action: spread_to_highest_producer
DEBUG:root:Result: Action: spread_to_highest_producer -> Failure
DEBUG:root:Result: Sequence: Spread Strategy -> Failure
DEBUG:root:Executing:Action: attack_strongest_enemy_planet
DEBUG:root:Result: Action: attack_strongest_enemy_planet -> Failure
DEBUG:root:Result: Selector: High Level Ordering of Strategies -> Failure
DEBUG:root:Result: Sequence: Defensive and Origional Root -> Failure
DEBUG:root:Finish turn

DEBUG:root:Executing:Sequence: Defensive and Origional Root
DEBUG:root:Executing:Selector: High Level Ordering of Strategies
DEBUG:root:Executing:Sequence: Offensive Strategy
DEBUG:root:Executing:Check: have_largest_fleet
DEBUG:root:Result: Check: have_largest_fleet -> Success
DEBUG:root:Executing:Action: attack_strongest_enemy_planet
DEBUG:root:Result: Action: attack_strongest_enemy_planet -> Failure
DEBUG:root:Result: Sequence: Offensive Strategy -> Failure
DEBUG:root:Executing:Sequence: Spread Strategy
DEBUG:root:Executing:Check: if_neutral_planet_available
DEBUG:root:Result: Check: if_neutral_planet_available -> Success
DEBUG:root:Executing:Action: spread_to_highest_producer
DEBUG:root:Order:1 4 62.0
DEBUG:root:Result: Action: spread_to_highest_producer -> Success
DEBUG:root:Result: Sequence: Spread Strategy -> Success
DEBUG:root:Result: Selector: High Level Ordering of Strategies -> Success
DEBUG:root:Executing:Sequence: Deffensive Strategy
DEBUG:root:Executing:Check: has_multiple_planets
DEBUG:root:Result: Check: has_multiple_planets -> Success
DEBUG:root:Executing:Action: defend_planets
DEBUG:root:in defend planets
DEBUG:root:Result: Action: defend_planets -> Success
DEBUG:root:Result: Sequence: Deffensive Strategy -> Success
DEBUG:root:Result: Sequence: Defensive and Origional Root -> Success
DEBUG:root:Finish turn

DEBUG:root:Executing:Sequence: Defensive and Origional Root
DEBUG:root:Executing:Selector: High Level Ordering of Strategies
DEBUG:root:Executing:Sequence: Offensive Strategy
DEBUG:root:Executing:Check: have_largest_fleet
DEBUG:root:Result: Check: have_largest_fleet -> Success
DEBUG:root:Executing:Action: attack_strongest_enemy_planet
DEBUG:root:Result: Action: attack_strongest_enemy_planet -> Failure
DEBUG:root:Result: Sequence: Offensive Strategy -> Failure
DEBUG:root:Executing:Sequence: Spread Strategy
DEBUG:root:Executing:Check: if_neutral_planet_available
DEBUG:root:Result: Check: if_neutral_planet_available -> Success
DEBUG:root:Executing:Action: spread_to_highest_producer
DEBUG:root:Result: Action: spread_to_highest_producer -> Failure
DEBUG:root:Result: Sequence: Spread Strategy -> Failure
DEBUG:root:Executing:Action: attack_strongest_enemy_planet
DEBUG:root:Result: Action: attack_strongest_enemy_planet -> Failure
DEBUG:root:Result: Selector: High Level Ordering of Strategies -> Failure
DEBUG:root:Result: Sequence: Defensive and Origional Root -> Failure
DEBUG:root:Finish turn

DEBUG:root:Executing:Sequence: Defensive and Origional Root
DEBUG:root:Executing:Selector: High Level Ordering of Strategies
DEBUG:root:Executing:Sequence: Offensive Strategy
DEBUG:root:Executing:Check: have_largest_fleet
DEBUG:root:Result: Check: have_largest_fleet -> Success
DEBUG:root:Executing:Action: attack_strongest_enemy_planet
DEBUG:root:Result: Action: attack_strongest_enemy_planet -> Failure
DEBUG:root:Result: Sequence: Offensive Strategy -> Failure
DEBUG:root:Executing:Sequence: Spread Strategy
DEBUG:root:Executing:Check: if_neutral_planet_available
DEBUG:root:Result: Check: if_neutral_planet_available -> Success
DEBUG:root:Executing:Action: spread_to_highest_producer
DEBUG:root:Order:0 3 62.0
DEBUG:root:Result: Action: spread_to_highest_producer -> Success
DEBUG:root:Result: Sequence: Spread Strategy -> Success
DEBUG:root:Result: Selector: High Level Ordering of Strategies -> Success
DEBUG:root:Executing:Sequence: Deffensive Strategy
DEBUG:root:Executing:Check: has_multiple_planets
DEBUG:root:Result: Check: has_multiple_planets -> Success
DEBUG:root:Executing:Action: defend_planets
DEBUG:root:in defend planets
DEBUG:root:Failed to fulfil 43.0 ships at 11 at time 1.
DEBUG:root:Result: Action: defend_planets -> Failure
DEBUG:root:Result: Sequence: Deffensive Strategy -> Failure
DEBUG:root:Result: Sequence: Defensive and Origional Root -> Failure
DEBUG:root:Finish turn

DEBUG:root:Executing:Sequence: Defensive and Origional Root
DEBUG:root:Executing:Selector: High Level Ordering of Strategies
DEBUG:root:Executing:Sequence: Offensive Strategy
DEBUG:root:Executing:Check: have_largest_fleet
DEBUG:root:Result: Check: have_largest_fleet -> Success
DEBUG:root:Executing:Action: attack_strongest_enemy_planet
DEBUG:root:Result: Action: attack_strongest_enemy_planet -> Failure
DEBUG:root:Result: Sequence: Offensive Strategy -> Failure
DEBUG:root:Executing:Sequence: Spread Strategy
DEBUG:root:Executing:Check: if_neutral_planet_available
DEBUG:root:Result: Check: if_neutral_planet_available -> Success
DEBUG:root:Executing:Action: spread_to_highest_producer
DEBUG:root:Result: Action: spread_to_highest_producer -> Failure
DEBUG:root:Result: Sequence: Spread Strategy -> Failure
DEBUG:root:Executing:Action: attack_strongest_enemy_planet
DEBUG:root:Result: Action: attack_strongest_enemy_planet -> Failure
DEBUG:root:Result: Selector: High Level Ordering of Strategies -> Failure
DEBUG:root:Result: Sequence: Defensive and Origional Root -> Failure
DEBUG:root:Finish turn

DEBUG:root:Executing:Sequence: Defensive and Origional Root
DEBUG:root:Executing:Selector: High Level Ordering of Strategies
DEBUG:root:Executing:Sequence: Offensive Strategy
DEBUG:root:Executing:Check: have_largest_fleet
DEBUG:root:Result: Check: have_largest_fleet -> Success
DEBUG:root:Executing:Action: attack_strongest_enemy_planet
DEBUG:root:Result: Action: attack_strongest_enemy_planet -> Failure
DEBUG:root:Result: Sequence: Offensive Strategy -> Failure
DEBUG:root:Executing:Sequence: Spread Strategy
DEBUG:root:Executing:Check: if_neutral_planet_available
DEBUG:root:Result: Check: if_neutral_planet_available -> Success
DEBUG:root:Executing:Action: spread_to_highest_producer
DEBUG:root:Result: Action: spread_to_highest_producer -> Failure
DEBUG:root:Result: Sequence: Spread Strategy -> Failure
DEBUG:root:Executing:Action: attack_strongest_enemy_planet
DEBUG:root:Result: Action: attack_strongest_enemy_planet -> Failure
DEBUG:root:Result: Selector: High Level Ordering of Strategies -> Failure
DEBUG:root:Result: Sequence: Defensive and Origional Root -> Failure
DEBUG:root:Finish turn

DEBUG:root:Executing:Sequence: Defensive and Origional Root
DEBUG:root:Executing:Selector: High Level Ordering of Strategies
DEBUG:root:Executing:Sequence: Offensive Strategy
DEBUG:root:Executing:Check: have_largest_fleet
DEBUG:root:Result: Check: have_largest_fleet -> Success
DEBUG:root:Executing:Action: attack_strongest_enemy_planet
DEBUG:root:Result: Action: attack_strongest_enemy_planet -> Failure
DEBUG:root:Result: Sequence: Offensive Strategy -> Failure
DEBUG:root:Executing:Sequence: Spread Strategy
DEBUG:root:Executing:Check: if_neutral_planet_available
DEBUG:root:Result: Check: if_neutral_planet_available -> Success
DEBUG:root:Executing:Action: spread_to_highest_producer
DEBUG:root:Result: Action: spread_to_highest_producer -> Failure
DEBUG:root:Result: Sequence: Spread Strategy -> Failure
DEBUG:root:Executing:Action: attack_strongest_enemy_planet
DEBUG:root:Result: Action: attack_strongest_enemy_planet -> Failure
DEBUG:root:Result: Selector: High Level Ordering of Strategies -> Failure
DEBUG:root:Result: Sequence: Defensive and Origional Root -> Failure
DEBUG:root:Finish turn

DEBUG:root:Executing:Sequence: Defensive and Origional Root
DEBUG:root:Executing:Selector: High Level Ordering of Strategies
DEBUG:root:Executing:Sequence: Offensive Strategy
DEBUG:root:Executing:Check: have_largest_fleet
DEBUG:root:Result: Check: have_largest_fleet -> Success
DEBUG:root:Executing:Action: attack_strongest_enemy_planet
DEBUG:root:Result: Action: attack_strongest_enemy_planet -> Failure
DEBUG:root:Result: Sequence: Offensive Strategy -> Failure
DEBUG:root:Executing:Sequence: Spread Strategy
DEBUG:root:Executing:Check: if_neutral_planet_available
DEBUG:root:Result: Check: if_neutral_planet_available -> Success
DEBUG:root:Executing:Action: spread_to_highest_producer
DEBUG:root:Result: Action: spread_to_highest_producer -> Failure
DEBUG:root:Result: Sequence: Spread Strategy -> Failure
DEBUG:root:Executing:Action: attack_strongest_enemy_planet
DEBUG:root:Result: Action: attack_strongest_enemy_planet -> Failure
DEBUG:root:Result: Selector: High Level Ordering of Strategies -> Failure
DEBUG:root:Result: Sequence: Defensive and Origional Root -> Failure
DEBUG:root:Finish turn

DEBUG:root:Executing:Sequence: Defensive and Origional Root
DEBUG:root:Executing:Selector: High Level Ordering of Strategies
DEBUG:root:Executing:Sequence: Offensive Strategy
DEBUG:root:Executing:Check: have_largest_fleet
DEBUG:root:Result: Check: have_largest_fleet -> Success
DEBUG:root:Executing:Action: attack_strongest_enemy_planet
DEBUG:root:Result: Action: attack_strongest_enemy_planet -> Failure
DEBUG:root:Result: Sequence: Offensive Strategy -> Failure
DEBUG:root:Executing:Sequence: Spread Strategy
DEBUG:root:Executing:Check: if_neutral_planet_available
DEBUG:root:Result: Check: if_neutral_planet_available -> Success
DEBUG:root:Executing:Action: spread_to_highest_producer
DEBUG:root:Result: Action: spread_to_highest_producer -> Failure
DEBUG:root:Result: Sequence: Spread Strategy -> Failure
DEBUG:root:Executing:Action: attack_strongest_enemy_planet
DEBUG:root:Result: Action: attack_strongest_enemy_planet -> Failure
DEBUG:root:Result: Selector: High Level Ordering of Strategies -> Failure
DEBUG:root:Result: Sequence: Defensive and Origional Root -> Failure
DEBUG:root:Finish turn

DEBUG:root:Executing:Sequence: Defensive and Origional Root
DEBUG:root:Executing:Selector: High Level Ordering of Strategies
DEBUG:root:Executing:Sequence: Offensive Strategy
DEBUG:root:Executing:Check: have_largest_fleet
DEBUG:root:Result: Check: have_largest_fleet -> Success
DEBUG:root:Executing:Action: attack_strongest_enemy_planet
DEBUG:root:Result: Action: attack_strongest_enemy_planet -> Failure
DEBUG:root:Result: Sequence: Offensive Strategy -> Failure
DEBUG:root:Executing:Sequence: Spread Strategy
DEBUG:root:Executing:Check: if_neutral_planet_available
DEBUG:root:Result: Check: if_neutral_planet_available -> Success
DEBUG:root:Executing:Action: spread_to_highest_producer
DEBUG:root:Result: Action: spread_to_highest_producer -> Failure
DEBUG:root:Result: Sequence: Spread Strategy -> Failure
DEBUG:root:Executing:Action: attack_strongest_enemy_planet
DEBUG:root:Result: Action: attack_strongest_enemy_planet -> Failure
DEBUG:root:Result: Selector: High Level Ordering of Strategies -> Failure
DEBUG:root:Result: Sequence: Defensive and Origional Root -> Failure
DEBUG:root:Finish turn

DEBUG:root:Executing:Sequence: Defensive and Origional Root
DEBUG:root:Executing:Selector: High Level Ordering of Strategies
DEBUG:root:Executing:Sequence: Offensive Strategy
DEBUG:root:Executing:Check: have_largest_fleet
DEBUG:root:Result: Check: have_largest_fleet -> Success
DEBUG:root:Executing:Action: attack_strongest_enemy_planet
DEBUG:root:Order:21 11 53.0
DEBUG:root:Result: Action: attack_strongest_enemy_planet -> Success
DEBUG:root:Result: Sequence: Offensive Strategy -> Success
DEBUG:root:Result: Selector: High Level Ordering of Strategies -> Success
DEBUG:root:Executing:Sequence: Deffensive Strategy
DEBUG:root:Executing:Check: has_multiple_planets
DEBUG:root:Result: Check: has_multiple_planets -> Success
DEBUG:root:Executing:Action: defend_planets
DEBUG:root:in defend planets
DEBUG:root:Failed to fulfil 2.0 ships at 10 at time 7.
DEBUG:root:Failed to fulfil 7.0 ships at 10 at time 8.
DEBUG:root:Order:18 10 0.0
DEBUG:root:Order:1 10 10.0
DEBUG:root:Order:0 10 -1.0
DEBUG:root:Order:0 10 11.0
DEBUG:root:Order:0 10 -2.0
DEBUG:root:Failed to fulfil 46.0 ships at 13 at time 7.
DEBUG:root:Result: Action: defend_planets -> Failure
DEBUG:root:Result: Sequence: Deffensive Strategy -> Failure
DEBUG:root:Result: Sequence: Defensive and Origional Root -> Failure
DEBUG:root:Finish turn

