DEBUG:root:Order:2 3 10.0
DEBUG:root:Finish turn

DEBUG:root:Order:2 4 10.0
DEBUG:root:Finish turn

DEBUG:root:Order:2 19 15.0
DEBUG:root:Finish turn

DEBUG:root:Order:2 20 15.0
DEBUG:root:Order:2 4 32
DEBUG:root:Finish turn

DEBUG:root:Order:2 15 20.0
DEBUG:root:Bad order:4 3.0 8
DEBUG:root:Finish turn

DEBUG:root:Order:2 16 20.0
DEBUG:root:Order:4 0 26.0
DEBUG:root:Order:4 2 4
DEBUG:root:Finish turn

DEBUG:root:Order:2 4 1
DEBUG:root:Finish turn

DEBUG:root:Order:2 19 6
DEBUG:root:Order:4 19 2
DEBUG:root:Finish turn

DEBUG:root:Order:2 19 2
DEBUG:root:Order:2 4 2
DEBUG:root:Finish turn

DEBUG:root:Order:2 19 1
DEBUG:root:Order:4 19 1
DEBUG:root:Finish turn

DEBUG:root:Order:2 19 1
DEBUG:root:Order:2 4 2
DEBUG:root:Finish turn

DEBUG:root:Order:2 15 11
DEBUG:root:Order:4 15 10
DEBUG:root:Bad order:19 5.0 7
DEBUG:root:Finish turn

DEBUG:root:Order:19 15 5
DEBUG:root:Order:2 15 2
DEBUG:root:Finish turn

DEBUG:root:Order:2 4 1
DEBUG:root:Order:2 15 1
DEBUG:root:Order:2 19 1
DEBUG:root:Finish turn

DEBUG:root:Order:2 19 1
DEBUG:root:Order:2 4 2
DEBUG:root:Finish turn

DEBUG:root:Order:2 19 1
DEBUG:root:Finish turn

DEBUG:root:Order:2 19 2
DEBUG:root:Finish turn

DEBUG:root:Order:2 19 3
DEBUG:root:Order:2 4 1
DEBUG:root:Finish turn

DEBUG:root:Order:2 0 12
DEBUG:root:Order:15 0 12
DEBUG:root:Order:4 0 10
DEBUG:root:Order:19 0 9
DEBUG:root:Finish turn

DEBUG:root:Order:15 9 40.0
DEBUG:root:Order:2 15 10
DEBUG:root:Order:4 15 7
DEBUG:root:Order:19 15 6
DEBUG:root:Bad order:0 2.0 5
DEBUG:root:Finish turn

DEBUG:root:Bad order:0 3.0 4
DEBUG:root:Order:2 15 3
DEBUG:root:Finish turn

DEBUG:root:Bad order:0 4.0 9
DEBUG:root:Order:2 19 9
DEBUG:root:Order:4 19 6
DEBUG:root:Order:15 19 2
DEBUG:root:Finish turn

DEBUG:root:Bad order:0 5.0 8
DEBUG:root:Order:2 19 3
DEBUG:root:Order:15 19 1
DEBUG:root:Finish turn

DEBUG:root:Bad order:0 6.0 7
DEBUG:root:Order:2 19 3
DEBUG:root:Order:15 19 1
DEBUG:root:Finish turn

DEBUG:root:Order:0 19 5
DEBUG:root:Order:2 19 2
DEBUG:root:Finish turn

DEBUG:root:Order:2 19 2
DEBUG:root:Order:2 0 3
DEBUG:root:Order:15 0 1
DEBUG:root:Finish turn

DEBUG:root:Order:0 19 1
DEBUG:root:Finish turn

DEBUG:root:Order:19 10 40.0
DEBUG:root:Order:2 19 13
DEBUG:root:Order:15 19 11
DEBUG:root:Order:4 19 8
DEBUG:root:Finish turn

DEBUG:root:Order:2 19 2
DEBUG:root:Order:2 4 2
DEBUG:root:Finish turn

DEBUG:root:Finish turn

DEBUG:root:Order:2 19 3
DEBUG:root:Order:15 19 1
DEBUG:root:Finish turn

DEBUG:root:Order:2 0 3
DEBUG:root:Order:15 0 1
DEBUG:root:Order:15 19 1
DEBUG:root:Finish turn

DEBUG:root:Order:19 5 46.0
DEBUG:root:Order:2 19 13
DEBUG:root:Order:4 19 10
DEBUG:root:Order:15 19 10
DEBUG:root:Finish turn

DEBUG:root:Order:2 19 3
DEBUG:root:Order:15 19 1
DEBUG:root:Order:15 0 1
DEBUG:root:Finish turn

DEBUG:root:Order:2 9 17
DEBUG:root:Order:4 9 14
DEBUG:root:Order:15 9 14
DEBUG:root:Order:19 9 1
DEBUG:root:Order:19 0 11
DEBUG:root:Finish turn

DEBUG:root:Order:2 0 2
DEBUG:root:Order:2 9 1
DEBUG:root:Order:2 19 1
DEBUG:root:Finish turn

DEBUG:root:Order:2 0 1
DEBUG:root:Order:2 19 1
DEBUG:root:Order:2 4 1
DEBUG:root:Order:15 4 1
DEBUG:root:Finish turn

DEBUG:root:Order:2 0 1
DEBUG:root:Order:2 19 1
DEBUG:root:Order:2 9 1
DEBUG:root:Order:4 9 1
DEBUG:root:Order:15 9 1
DEBUG:root:Finish turn

DEBUG:root:Order:9 0 2
DEBUG:root:Order:9 19 2
DEBUG:root:Finish turn

DEBUG:root:Order:19 6 46.0
DEBUG:root:Order:2 19 11
DEBUG:root:Order:15 19 9
DEBUG:root:Order:4 19 7
DEBUG:root:Order:0 19 6
DEBUG:root:Order:9 19 5
DEBUG:root:Finish turn

DEBUG:root:Order:2 5 11
DEBUG:root:Order:15 5 9
DEBUG:root:Order:4 5 8
DEBUG:root:Bad order:9 4.0 8
DEBUG:root:Order:0 5 7
DEBUG:root:Bad order:19 3.0 5
DEBUG:root:Finish turn

DEBUG:root:Bad order:9 6.0 7
DEBUG:root:Order:19 5 3
DEBUG:root:Order:2 5 2
DEBUG:root:Finish turn

DEBUG:root:Bad order:9 8.0 13
DEBUG:root:Order:2 15 9
DEBUG:root:Order:4 15 5
DEBUG:root:Bad order:19 4.0 5
DEBUG:root:Order:0 15 3
DEBUG:root:Finish turn

DEBUG:root:Order:9 15 13
DEBUG:root:Order:2 15 3
DEBUG:root:Order:5 15 3
DEBUG:root:Finish turn

DEBUG:root:Order:2 0 2
DEBUG:root:Order:2 15 1
DEBUG:root:Order:2 4 2
DEBUG:root:Order:5 4 2
DEBUG:root:Finish turn

DEBUG:root:Order:4 0 2
DEBUG:root:Order:4 9 1
DEBUG:root:Order:4 2 2
DEBUG:root:Order:5 2 2
DEBUG:root:Finish turn

DEBUG:root:Order:2 10 3
DEBUG:root:Order:2 4 2
DEBUG:root:Order:2 0 1
DEBUG:root:Order:2 9 6
DEBUG:root:Order:5 9 3
DEBUG:root:Finish turn

DEBUG:root:Order:9 10 13
DEBUG:root:Order:5 10 8
DEBUG:root:Order:15 10 6
DEBUG:root:Order:4 10 4
DEBUG:root:Order:0 10 3
DEBUG:root:Order:2 10 2
DEBUG:root:Finish turn

DEBUG:root:Order:2 0 5
DEBUG:root:Order:5 0 5
DEBUG:root:Order:15 0 3
DEBUG:root:Order:4 0 2
DEBUG:root:Order:9 0 2
DEBUG:root:Finish turn

DEBUG:root:Order:2 0 1
DEBUG:root:Order:2 4 2
DEBUG:root:Bad order:5 1.0 2
DEBUG:root:Finish turn

DEBUG:root:Order:5 19 6
DEBUG:root:Order:2 19 3
DEBUG:root:Order:4 19 2
DEBUG:root:Order:15 19 1
DEBUG:root:Order:15 0 1
DEBUG:root:Finish turn

DEBUG:root:Order:2 4 8
DEBUG:root:Order:5 4 8
DEBUG:root:Order:15 4 6
DEBUG:root:Order:9 4 5
DEBUG:root:Order:10 4 5
DEBUG:root:Order:0 4 4
DEBUG:root:Order:19 4 4
DEBUG:root:Finish turn

DEBUG:root:Order:2 19 5
DEBUG:root:Order:5 19 5
DEBUG:root:Order:15 19 3
DEBUG:root:Order:4 19 2
DEBUG:root:Order:9 19 2
DEBUG:root:Order:10 19 2
DEBUG:root:Order:0 19 1
DEBUG:root:Finish turn

DEBUG:root:Order:2 19 3
DEBUG:root:Order:5 19 3
DEBUG:root:Order:5 0 3
DEBUG:root:Bad order:15 0.0 1
DEBUG:root:Finish turn

DEBUG:root:Order:2 19 2
DEBUG:root:Order:2 4 2
DEBUG:root:Order:15 4 1
DEBUG:root:Finish turn

DEBUG:root:Order:4 19 1
DEBUG:root:Order:5 19 1
DEBUG:root:Order:5 0 1
DEBUG:root:Order:5 9 1
DEBUG:root:Order:5 10 1
DEBUG:root:Finish turn

DEBUG:root:Order:2 0 1
DEBUG:root:Order:2 19 1
DEBUG:root:Order:2 9 3
DEBUG:root:Order:15 9 1
DEBUG:root:Finish turn

DEBUG:root:Order:5 0 2
DEBUG:root:Order:5 19 2
DEBUG:root:Order:5 10 1
DEBUG:root:Order:5 4 2
DEBUG:root:Order:9 4 2
DEBUG:root:Finish turn

DEBUG:root:Order:2 0 2
DEBUG:root:Order:2 5 2
DEBUG:root:Order:2 19 2
DEBUG:root:Order:2 10 1
DEBUG:root:Finish turn

DEBUG:root:Order:4 11 54.0
DEBUG:root:Order:5 4 9
DEBUG:root:Order:15 4 8
DEBUG:root:Order:9 4 6
DEBUG:root:Order:10 4 6
DEBUG:root:Order:0 4 5
DEBUG:root:Order:2 4 5
DEBUG:root:Order:19 4 5
DEBUG:root:Finish turn

DEBUG:root:Order:2 0 1
DEBUG:root:Order:2 4 1
DEBUG:root:Order:2 19 1
DEBUG:root:Order:2 9 2
DEBUG:root:Order:5 9 2
DEBUG:root:Finish turn

DEBUG:root:Order:5 0 5
DEBUG:root:Order:9 0 5
DEBUG:root:Order:15 0 3
DEBUG:root:Order:2 0 2
DEBUG:root:Order:4 0 1
DEBUG:root:Finish turn

DEBUG:root:Order:2 0 2
DEBUG:root:Order:2 19 1
DEBUG:root:Order:2 4 2
DEBUG:root:Order:5 4 2
DEBUG:root:Finish turn

DEBUG:root:Order:4 11 19
DEBUG:root:Order:5 11 19
DEBUG:root:Order:15 11 17
DEBUG:root:Order:2 11 13
DEBUG:root:Order:2 9 16
DEBUG:root:Order:0 9 14
DEBUG:root:Order:19 9 3
DEBUG:root:Finish turn

DEBUG:root:Order:19 2 9
DEBUG:root:Order:5 2 1
DEBUG:root:Order:5 0 1
DEBUG:root:Order:5 9 1
DEBUG:root:Finish turn

DEBUG:root:Order:2 0 1
DEBUG:root:Order:5 0 1
DEBUG:root:Order:5 9 1
DEBUG:root:Order:5 19 1
DEBUG:root:Finish turn

DEBUG:root:Order:2 0 2
DEBUG:root:Order:2 19 2
DEBUG:root:Order:2 9 1
DEBUG:root:Finish turn

DEBUG:root:Order:11 0 2
DEBUG:root:Order:11 19 2
DEBUG:root:Order:11 9 1
DEBUG:root:Order:11 2 3
DEBUG:root:Order:5 2 2
DEBUG:root:Finish turn

DEBUG:root:Order:2 11 3
DEBUG:root:Order:2 0 2
DEBUG:root:Order:2 19 2
DEBUG:root:Order:2 9 1
DEBUG:root:Finish turn

DEBUG:root:Order:11 13 62.0
DEBUG:root:Order:5 11 13
DEBUG:root:Order:2 11 9
DEBUG:root:Order:15 11 9
DEBUG:root:Order:9 11 7
DEBUG:root:Order:0 11 6
DEBUG:root:Order:19 11 6
DEBUG:root:Finish turn

DEBUG:root:Order:2 0 1
DEBUG:root:Order:2 11 1
DEBUG:root:Order:2 19 1
DEBUG:root:Order:2 9 2
DEBUG:root:Order:5 9 2
DEBUG:root:Finish turn

DEBUG:root:Order:5 0 2
DEBUG:root:Order:5 19 2
DEBUG:root:Order:5 2 2
DEBUG:root:Order:9 2 2
DEBUG:root:Finish turn

DEBUG:root:Order:2 0 2
DEBUG:root:Order:2 19 2
DEBUG:root:Order:2 5 1
DEBUG:root:Order:2 9 5
DEBUG:root:Order:11 9 1
DEBUG:root:Finish turn

DEBUG:root:Order:9 19 13
DEBUG:root:Order:5 19 10
DEBUG:root:Order:11 19 7
DEBUG:root:Order:11 10 10
DEBUG:root:Order:15 10 9
DEBUG:root:Order:0 10 4
DEBUG:root:Finish turn

DEBUG:root:Order:2 10 10
DEBUG:root:Order:5 10 4
DEBUG:root:Order:0 10 2
DEBUG:root:Order:15 10 2
DEBUG:root:Order:15 19 1
DEBUG:root:Finish turn

DEBUG:root:Order:9 14 62.0
DEBUG:root:Order:2 9 13
DEBUG:root:Order:5 9 13
DEBUG:root:Bad order:10 5.0 10
DEBUG:root:Order:15 9 10
DEBUG:root:Order:19 9 9
DEBUG:root:Finish turn

DEBUG:root:Bad order:10 7.0 10
DEBUG:root:Order:10 11 5
DEBUG:root:Bad order:10 2.0 10
DEBUG:root:Order:2 19 3
DEBUG:root:Order:5 19 3
DEBUG:root:Order:15 19 1
DEBUG:root:Finish turn

DEBUG:root:Order:10 0 4
DEBUG:root:Order:19 0 4
DEBUG:root:Order:2 0 2
DEBUG:root:Order:5 0 2
DEBUG:root:Finish turn

DEBUG:root:Order:2 0 2
DEBUG:root:Order:2 19 1
DEBUG:root:Order:2 10 2
DEBUG:root:Order:5 10 2
DEBUG:root:Order:11 10 1
DEBUG:root:Finish turn

DEBUG:root:Order:10 0 2
DEBUG:root:Order:10 19 2
DEBUG:root:Bad order:10 0.0 3
DEBUG:root:Order:5 2 2
DEBUG:root:Order:11 2 1
DEBUG:root:Finish turn

DEBUG:root:Order:2 0 2
DEBUG:root:Order:2 19 2
DEBUG:root:Order:2 10 1
DEBUG:root:Finish turn

DEBUG:root:Order:5 14 18
DEBUG:root:Order:11 14 16
DEBUG:root:Order:2 14 15
DEBUG:root:Order:15 14 14
DEBUG:root:Order:0 14 11
DEBUG:root:Order:19 14 11
DEBUG:root:Finish turn

DEBUG:root:Order:2 0 1
DEBUG:root:Order:5 0 1
DEBUG:root:Order:5 19 1
DEBUG:root:Finish turn

DEBUG:root:Order:2 19 2
DEBUG:root:Order:5 19 1
DEBUG:root:Order:5 0 1
DEBUG:root:Order:11 0 1
DEBUG:root:Order:11 15 1
DEBUG:root:Order:14 15 1
DEBUG:root:Finish turn

DEBUG:root:Order:2 15 13
DEBUG:root:Order:5 15 12
DEBUG:root:Order:11 15 11
DEBUG:root:Bad order:0 5.0 8
DEBUG:root:Order:19 15 8
DEBUG:root:Finish turn

DEBUG:root:Bad order:0 6.0 13
DEBUG:root:Order:2 19 9
DEBUG:root:Order:5 19 9
DEBUG:root:Order:11 19 8
DEBUG:root:Order:13 19 2
DEBUG:root:Finish turn

DEBUG:root:Order:2 19 4
DEBUG:root:Order:5 19 4
DEBUG:root:Order:11 19 3
DEBUG:root:Order:11 0 3
DEBUG:root:Order:13 0 1
DEBUG:root:Order:13 15 1
DEBUG:root:Finish turn

DEBUG:root:Order:2 0 2
DEBUG:root:Order:2 19 2
DEBUG:root:Order:2 11 1
DEBUG:root:Order:2 15 2
DEBUG:root:Order:5 15 2
DEBUG:root:Order:13 15 2
DEBUG:root:Finish turn

DEBUG:root:Order:15 0 2
DEBUG:root:Order:15 2 2
DEBUG:root:Order:15 19 2
DEBUG:root:Finish turn

DEBUG:root:Order:5 0 3
DEBUG:root:Order:5 19 3
DEBUG:root:Order:5 15 1
DEBUG:root:Finish turn

DEBUG:root:Order:2 0 2
DEBUG:root:Order:2 19 2
DEBUG:root:Order:2 5 1
DEBUG:root:Order:2 15 2
DEBUG:root:Order:13 15 2
DEBUG:root:Order:11 15 1
DEBUG:root:Finish turn

DEBUG:root:Order:15 21 76.0
DEBUG:root:Order:5 15 12
DEBUG:root:Order:11 15 12
DEBUG:root:Order:13 15 12
DEBUG:root:Order:0 15 8
DEBUG:root:Order:2 15 8
DEBUG:root:Order:19 15 8
DEBUG:root:Finish turn

DEBUG:root:Order:2 0 1
DEBUG:root:Order:5 0 1
DEBUG:root:Order:5 19 1
DEBUG:root:Finish turn

DEBUG:root:Order:2 19 2
DEBUG:root:Order:5 19 1
DEBUG:root:Order:5 0 1
DEBUG:root:Order:11 0 1
DEBUG:root:Order:11 15 1
DEBUG:root:Finish turn

DEBUG:root:Order:2 0 2
DEBUG:root:Order:2 19 2
DEBUG:root:Order:2 15 2
DEBUG:root:Order:13 15 2
DEBUG:root:Order:5 15 1
DEBUG:root:Finish turn

DEBUG:root:Order:5 0 2
DEBUG:root:Order:5 19 2
DEBUG:root:Order:5 2 1
DEBUG:root:Finish turn

DEBUG:root:Order:11 0 2
DEBUG:root:Order:11 19 2
DEBUG:root:Order:11 5 2
DEBUG:root:Order:13 5 2
DEBUG:root:Order:2 5 1
DEBUG:root:Finish turn

DEBUG:root:Order:5 0 10
DEBUG:root:Order:2 0 6
DEBUG:root:Order:13 0 5
DEBUG:root:Order:11 0 1
DEBUG:root:Order:19 0 1
DEBUG:root:Finish turn

DEBUG:root:Order:2 13 14
DEBUG:root:Order:5 13 14
DEBUG:root:Order:11 13 13
DEBUG:root:Order:19 13 10
DEBUG:root:Order:0 13 5
DEBUG:root:Finish turn

DEBUG:root:Order:2 0 1
DEBUG:root:Order:5 0 1
DEBUG:root:Order:5 19 1
DEBUG:root:Finish turn

DEBUG:root:Order:2 11 15
DEBUG:root:Order:5 11 14
DEBUG:root:Order:13 11 13
DEBUG:root:Order:0 11 10
DEBUG:root:Order:19 11 9
DEBUG:root:Finish turn

DEBUG:root:Order:2 11 2
DEBUG:root:Order:5 11 1
DEBUG:root:Order:5 0 1
DEBUG:root:Order:5 19 1
DEBUG:root:Finish turn

DEBUG:root:Order:2 15 3
DEBUG:root:Order:13 15 3
DEBUG:root:Order:5 15 2
DEBUG:root:Order:5 0 1
DEBUG:root:Order:5 19 1
DEBUG:root:Finish turn

DEBUG:root:Order:2 15 15
DEBUG:root:Order:11 15 15
DEBUG:root:Order:5 15 13
DEBUG:root:Order:0 15 10
DEBUG:root:Order:19 15 10
DEBUG:root:Finish turn

DEBUG:root:Order:2 0 1
DEBUG:root:Order:2 15 1
DEBUG:root:Order:2 19 1
DEBUG:root:Finish turn

DEBUG:root:Order:21 0 6
DEBUG:root:Order:21 19 6
DEBUG:root:Order:21 15 4
DEBUG:root:Order:21 2 2
DEBUG:root:Order:21 11 1
DEBUG:root:Finish turn

DEBUG:root:Order:5 21 15
DEBUG:root:Order:2 21 14
DEBUG:root:Order:11 21 13
DEBUG:root:Order:15 21 12
DEBUG:root:Order:0 21 10
DEBUG:root:Order:19 21 10
DEBUG:root:Finish turn

DEBUG:root:Order:2 19 8
DEBUG:root:Order:5 19 8
DEBUG:root:Order:11 19 7
DEBUG:root:Order:15 19 6
DEBUG:root:Order:0 19 4
DEBUG:root:Order:21 19 1
DEBUG:root:Finish turn

DEBUG:root:Order:2 19 2
DEBUG:root:Order:5 19 2
DEBUG:root:Order:11 19 1
DEBUG:root:Finish turn

DEBUG:root:Order:2 19 1
DEBUG:root:Order:5 19 1
DEBUG:root:Finish turn

DEBUG:root:Order:2 19 2
DEBUG:root:Order:5 19 1
DEBUG:root:Order:5 15 2
DEBUG:root:Order:11 15 1
DEBUG:root:Finish turn

DEBUG:root:Order:2 11 17
DEBUG:root:Order:15 11 17
DEBUG:root:Order:5 11 16
DEBUG:root:Order:21 11 14
DEBUG:root:Order:19 11 12
DEBUG:root:Finish turn

DEBUG:root:Order:2 0 2
DEBUG:root:Order:5 0 1
DEBUG:root:Order:5 11 2
DEBUG:root:Finish turn

DEBUG:root:Order:2 0 6
DEBUG:root:Order:5 0 5
DEBUG:root:Order:15 0 4
DEBUG:root:Order:21 0 4
DEBUG:root:Order:11 0 3
DEBUG:root:Finish turn

DEBUG:root:Order:2 0 1
DEBUG:root:Order:5 0 1
DEBUG:root:Order:5 19 1
DEBUG:root:Finish turn

DEBUG:root:Order:5 2 15
DEBUG:root:Order:11 2 15
DEBUG:root:Order:15 2 13
DEBUG:root:Order:21 2 13
DEBUG:root:Order:0 2 11
DEBUG:root:Order:19 2 10
DEBUG:root:Finish turn

DEBUG:root:Order:5 0 1
DEBUG:root:Order:5 19 1
DEBUG:root:Order:5 2 2
DEBUG:root:Order:11 2 1
DEBUG:root:Finish turn

DEBUG:root:Order:2 0 2
DEBUG:root:Order:2 19 2
DEBUG:root:Finish turn

DEBUG:root:Order:2 0 2
DEBUG:root:Order:5 0 1
DEBUG:root:Order:5 19 2
DEBUG:root:Order:11 19 1
DEBUG:root:Finish turn

DEBUG:root:Order:2 0 1
DEBUG:root:Order:11 0 1
DEBUG:root:Order:11 19 1
DEBUG:root:Finish turn

DEBUG:root:Order:2 19 2
DEBUG:root:Order:5 19 1
DEBUG:root:Order:5 0 2
DEBUG:root:Order:5 15 2
DEBUG:root:Finish turn

DEBUG:root:Order:2 0 2
DEBUG:root:Order:2 19 2
DEBUG:root:Order:2 5 2
DEBUG:root:Order:11 5 1
DEBUG:root:Order:15 5 1
DEBUG:root:Finish turn

DEBUG:root:Order:5 0 2
DEBUG:root:Order:5 19 2
DEBUG:root:Order:5 2 1
DEBUG:root:Finish turn

DEBUG:root:Order:5 21 5
DEBUG:root:Order:11 21 5
DEBUG:root:Order:2 21 4
DEBUG:root:Order:15 21 3
DEBUG:root:Finish turn

DEBUG:root:Order:2 21 9
DEBUG:root:Order:5 21 9
DEBUG:root:Order:11 21 8
DEBUG:root:Order:15 21 7
DEBUG:root:Order:0 21 5
DEBUG:root:Order:19 21 5
DEBUG:root:Finish turn

DEBUG:root:Order:2 5 19
DEBUG:root:Order:11 5 18
DEBUG:root:Order:15 5 17
DEBUG:root:Order:19 5 15
DEBUG:root:Order:21 5 15
DEBUG:root:Finish turn

DEBUG:root:Order:2 19 1
DEBUG:root:Finish turn

DEBUG:root:Bad order:0 6.0 13
DEBUG:root:Order:2 15 9
DEBUG:root:Order:5 15 9
DEBUG:root:Order:11 15 8
DEBUG:root:Order:21 15 6
DEBUG:root:Order:19 15 3
DEBUG:root:Finish turn

DEBUG:root:Bad order:0 13.0 16
DEBUG:root:Order:2 19 7
DEBUG:root:Order:5 19 7
DEBUG:root:Order:11 19 6
DEBUG:root:Order:21 19 5
DEBUG:root:Finish turn

DEBUG:root:Bad order:2 4.0 5
DEBUG:root:Order:5 19 5
DEBUG:root:Order:11 19 3
DEBUG:root:Order:11 0 4
DEBUG:root:Order:21 0 3
DEBUG:root:Order:21 15 3
DEBUG:root:Finish turn

DEBUG:root:Order:2 0 2
DEBUG:root:Order:2 15 2
DEBUG:root:Order:2 19 2
DEBUG:root:Order:2 21 2
DEBUG:root:Order:2 11 1
DEBUG:root:Finish turn

DEBUG:root:Order:5 0 2
DEBUG:root:Order:5 19 2
DEBUG:root:Order:5 15 4
DEBUG:root:Finish turn

DEBUG:root:Order:15 0 2
DEBUG:root:Order:15 19 2
DEBUG:root:Order:15 5 1
DEBUG:root:Order:15 21 3
DEBUG:root:Order:2 21 2
DEBUG:root:Order:11 21 1
DEBUG:root:Finish turn

DEBUG:root:Order:21 15 4
DEBUG:root:Order:21 0 2
DEBUG:root:Order:21 19 2
DEBUG:root:Finish turn

DEBUG:root:Order:2 11 22
DEBUG:root:Order:5 11 21
DEBUG:root:Order:15 11 17
DEBUG:root:Order:0 11 15
DEBUG:root:Order:19 11 15
DEBUG:root:Bad order:21 8.0 15
DEBUG:root:Finish turn

DEBUG:root:Order:2 11 4
DEBUG:root:Order:5 11 4
DEBUG:root:Order:15 11 2
DEBUG:root:Finish turn

DEBUG:root:Order:2 0 1
DEBUG:root:Order:2 11 1
DEBUG:root:Order:2 19 1
DEBUG:root:Finish turn

DEBUG:root:Order:5 0 2
DEBUG:root:Order:5 19 2
DEBUG:root:Finish turn

DEBUG:root:Order:2 0 3
DEBUG:root:Order:2 19 3
DEBUG:root:Finish turn

DEBUG:root:Order:5 0 2
DEBUG:root:Order:5 19 2
DEBUG:root:Order:5 2 1
DEBUG:root:Order:5 15 3
DEBUG:root:Order:11 15 1
DEBUG:root:Finish turn

DEBUG:root:Order:2 15 14
DEBUG:root:Order:11 15 14
DEBUG:root:Bad order:0 5.0 10
DEBUG:root:Bad order:5 7.0 10
DEBUG:root:Order:19 15 10
DEBUG:root:Finish turn

DEBUG:root:Bad order:0 10.0 27
DEBUG:root:Bad order:2 17.0 21
DEBUG:root:Order:11 5 20
DEBUG:root:Order:19 5 17
DEBUG:root:Bad order:21 1.0 12
DEBUG:root:Finish turn

DEBUG:root:Bad order:2 22.0 26
DEBUG:root:Bad order:21 4.0 15
DEBUG:root:Order:0 5 5
DEBUG:root:Order:11 5 4
DEBUG:root:Order:19 5 1
DEBUG:root:Finish turn

DEBUG:root:Bad order:21 7.0 29
DEBUG:root:Order:11 2 15
DEBUG:root:Bad order:0 9.0 12
DEBUG:root:Order:15 2 12
DEBUG:root:Order:19 2 12
DEBUG:root:Finish turn

DEBUG:root:Bad order:0 12.0 15
DEBUG:root:Order:11 5 6
DEBUG:root:Order:15 5 5
DEBUG:root:Order:19 5 3
DEBUG:root:Order:21 5 2
DEBUG:root:Finish turn

DEBUG:root:Order:0 2 8
DEBUG:root:Order:0 5 4
DEBUG:root:Bad order:0 1.0 2
DEBUG:root:Finish turn

DEBUG:root:Order:2 19 1
DEBUG:root:Order:5 19 1
DEBUG:root:Order:11 19 1
DEBUG:root:Finish turn

DEBUG:root:Order:2 0 2
DEBUG:root:Order:5 0 1
DEBUG:root:Order:5 19 2
DEBUG:root:Order:11 19 1
DEBUG:root:Order:11 15 1
DEBUG:root:Finish turn

DEBUG:root:Order:2 0 2
DEBUG:root:Order:2 19 2
DEBUG:root:Order:2 21 2
DEBUG:root:Order:5 21 1
DEBUG:root:Finish turn

DEBUG:root:Order:5 0 2
DEBUG:root:Order:5 19 2
DEBUG:root:Order:5 2 1
DEBUG:root:Finish turn

DEBUG:root:Order:11 0 2
DEBUG:root:Order:11 19 2
DEBUG:root:Order:11 5 2
DEBUG:root:Order:21 5 2
DEBUG:root:Order:2 5 1
DEBUG:root:Finish turn

DEBUG:root:Order:5 0 3
DEBUG:root:Order:5 11 3
DEBUG:root:Order:5 15 5
DEBUG:root:Order:2 15 1
DEBUG:root:Finish turn

DEBUG:root:Order:15 21 7
DEBUG:root:Order:2 21 4
DEBUG:root:Order:11 21 2
DEBUG:root:Finish turn

DEBUG:root:Order:2 21 1
DEBUG:root:Finish turn

DEBUG:root:Order:2 21 1
DEBUG:root:Finish turn

DEBUG:root:Order:2 15 1
DEBUG:root:Order:5 15 1
DEBUG:root:Finish turn

DEBUG:root:Order:2 15 1
DEBUG:root:Order:5 15 1
DEBUG:root:Finish turn

DEBUG:root:Finish turn

DEBUG:root:Order:5 2 30
DEBUG:root:Order:11 2 28
DEBUG:root:Order:15 2 26
DEBUG:root:Finish turn

DEBUG:root:Order:5 11 20
DEBUG:root:Order:15 11 18
DEBUG:root:Order:2 11 17
DEBUG:root:Finish turn

DEBUG:root:Order:2 11 1
DEBUG:root:Order:5 11 1
DEBUG:root:Order:5 15 1
DEBUG:root:Finish turn

DEBUG:root:Order:2 11 1
DEBUG:root:Finish turn

DEBUG:root:Order:2 15 1
DEBUG:root:Order:5 15 1
DEBUG:root:Finish turn

DEBUG:root:Finish turn

DEBUG:root:Finish turn

DEBUG:root:Order:2 5 47
DEBUG:root:Order:11 5 44
DEBUG:root:Finish turn

DEBUG:root:Order:2 5 1
DEBUG:root:Finish turn

DEBUG:root:Finish turn

DEBUG:root:Finish turn

DEBUG:root:Finish turn

DEBUG:root:Finish turn

DEBUG:root:Finish turn

DEBUG:root:Finish turn

DEBUG:root:Finish turn

DEBUG:root:Finish turn

DEBUG:root:Finish turn

DEBUG:root:Finish turn

DEBUG:root:Order:5 2 82
DEBUG:root:Finish turn

DEBUG:root:Finish turn

DEBUG:root:Finish turn

DEBUG:root:Finish turn

DEBUG:root:Finish turn

DEBUG:root:Finish turn

DEBUG:root:Finish turn

DEBUG:root:Finish turn

DEBUG:root:Finish turn

DEBUG:root:Finish turn

DEBUG:root:Finish turn

DEBUG:root:Finish turn

DEBUG:root:Finish turn

DEBUG:root:Finish turn

DEBUG:root:Order:2 5 33
DEBUG:root:Finish turn

DEBUG:root:Finish turn

DEBUG:root:Finish turn

DEBUG:root:Finish turn

DEBUG:root:Finish turn

DEBUG:root:Finish turn

DEBUG:root:Finish turn

DEBUG:root:Finish turn

DEBUG:root:Finish turn

DEBUG:root:Finish turn

DEBUG:root:Finish turn

DEBUG:root:Order:2 5 87
DEBUG:root:Finish turn

DEBUG:root:Finish turn

DEBUG:root:Finish turn

DEBUG:root:Finish turn

DEBUG:root:Finish turn

DEBUG:root:Finish turn

DEBUG:root:Finish turn

DEBUG:root:Finish turn

DEBUG:root:Finish turn

DEBUG:root:Finish turn

DEBUG:root:Finish turn

DEBUG:root:Finish turn

DEBUG:root:Finish turn

DEBUG:root:Finish turn

DEBUG:root:Finish turn

DEBUG:root:Finish turn

DEBUG:root:Finish turn

DEBUG:root:Finish turn

DEBUG:root:Finish turn

DEBUG:root:Finish turn

DEBUG:root:Finish turn

DEBUG:root:Finish turn

DEBUG:root:Finish turn

DEBUG:root:Finish turn

DEBUG:root:Finish turn

DEBUG:root:Finish turn

DEBUG:root:Finish turn

DEBUG:root:Finish turn

DEBUG:root:Finish turn

DEBUG:root:Finish turn

DEBUG:root:Finish turn

DEBUG:root:Finish turn

DEBUG:root:Finish turn

DEBUG:root:Finish turn

DEBUG:root:Finish turn

DEBUG:root:Finish turn

DEBUG:root:Finish turn

DEBUG:root:Finish turn

DEBUG:root:Finish turn

DEBUG:root:Finish turn

DEBUG:root:Finish turn

DEBUG:root:Finish turn

DEBUG:root:Finish turn

DEBUG:root:Finish turn

